{"/home/tkuku/Documents/Projects/IAA/iia-server-nest/src/services/alarm/alarm.service.ts": {"path":"/home/tkuku/Documents/Projects/IAA/iia-server-nest/src/services/alarm/alarm.service.ts","statementMap":{"0":{"start":{"line":1,"column":0},"end":{"line":1,"column":44}},"1":{"start":{"line":4,"column":0},"end":{"line":9,"column":null}},"2":{"start":{"line":6,"column":23},"end":{"line":6,"column":30}},"3":{"start":{"line":7,"column":4},"end":{"line":7,"column":62}},"4":{"start":{"line":4,"column":13},"end":{"line":9,"column":null}},"5":{"start":{"line":4,"column":13},"end":{"line":4,"column":25}}},"fnMap":{"0":{"name":"(anonymous_1)","decl":{"start":{"line":5,"column":2},"end":{"line":5,"column":7}},"loc":{"start":{"line":5,"column":30},"end":{"line":8,"column":3}}}},"branchMap":{},"s":{"0":2,"1":2,"2":2,"3":2,"4":2,"5":2},"f":{"0":2},"b":{}}
,"/home/tkuku/Documents/Projects/IAA/iia-server-nest/src/services/messenger/messenger.service.ts": {"path":"/home/tkuku/Documents/Projects/IAA/iia-server-nest/src/services/messenger/messenger.service.ts","statementMap":{"0":{"start":{"line":1,"column":0},"end":{"line":1,"column":44}},"1":{"start":{"line":2,"column":0},"end":{"line":2,"column":26}},"2":{"start":{"line":5,"column":0},"end":{"line":88,"column":null}},"3":{"start":{"line":7,"column":18},"end":{"line":7,"column":69}},"4":{"start":{"line":8,"column":4},"end":{"line":19,"column":null}},"5":{"start":{"line":9,"column":22},"end":{"line":9,"column":63}},"6":{"start":{"line":10,"column":19},"end":{"line":10,"column":56}},"7":{"start":{"line":11,"column":6},"end":{"line":18,"column":null}},"8":{"start":{"line":12,"column":8},"end":{"line":17,"column":13}},"9":{"start":{"line":16,"column":12},"end":{"line":16,"column":71}},"10":{"start":{"line":26,"column":4},"end":{"line":28,"column":null}},"11":{"start":{"line":27,"column":6},"end":{"line":27,"column":19}},"12":{"start":{"line":30,"column":4},"end":{"line":32,"column":null}},"13":{"start":{"line":31,"column":6},"end":{"line":31,"column":23}},"14":{"start":{"line":34,"column":4},"end":{"line":36,"column":null}},"15":{"start":{"line":35,"column":6},"end":{"line":35,"column":20}},"16":{"start":{"line":38,"column":4},"end":{"line":40,"column":null}},"17":{"start":{"line":39,"column":6},"end":{"line":39,"column":23}},"18":{"start":{"line":42,"column":4},"end":{"line":44,"column":null}},"19":{"start":{"line":43,"column":6},"end":{"line":43,"column":21}},"20":{"start":{"line":45,"column":4},"end":{"line":45,"column":14}},"21":{"start":{"line":49,"column":18},"end":{"line":49,"column":20}},"22":{"start":{"line":50,"column":4},"end":{"line":66,"column":null}},"23":{"start":{"line":52,"column":8},"end":{"line":52,"column":72}},"24":{"start":{"line":53,"column":8},"end":{"line":53,"column":14}},"25":{"start":{"line":55,"column":8},"end":{"line":55,"column":73}},"26":{"start":{"line":56,"column":8},"end":{"line":56,"column":14}},"27":{"start":{"line":58,"column":8},"end":{"line":58,"column":72}},"28":{"start":{"line":59,"column":8},"end":{"line":59,"column":14}},"29":{"start":{"line":61,"column":8},"end":{"line":61,"column":56}},"30":{"start":{"line":62,"column":8},"end":{"line":62,"column":14}},"31":{"start":{"line":64,"column":8},"end":{"line":64,"column":60}},"32":{"start":{"line":65,"column":8},"end":{"line":65,"column":14}},"33":{"start":{"line":67,"column":4},"end":{"line":67,"column":19}},"34":{"start":{"line":72,"column":4},"end":{"line":81,"column":null}},"35":{"start":{"line":74,"column":8},"end":{"line":74,"column":68}},"36":{"start":{"line":75,"column":8},"end":{"line":75,"column":37}},"37":{"start":{"line":76,"column":8},"end":{"line":76,"column":14}},"38":{"start":{"line":78,"column":8},"end":{"line":78,"column":68}},"39":{"start":{"line":79,"column":8},"end":{"line":79,"column":37}},"40":{"start":{"line":80,"column":8},"end":{"line":80,"column":14}},"41":{"start":{"line":82,"column":4},"end":{"line":86,"column":13}},"42":{"start":{"line":5,"column":13},"end":{"line":88,"column":null}},"43":{"start":{"line":5,"column":13},"end":{"line":5,"column":29}}},"fnMap":{"0":{"name":"(anonymous_1)","decl":{"start":{"line":6,"column":2},"end":{"line":6,"column":7}},"loc":{"start":{"line":6,"column":57},"end":{"line":20,"column":3}}},"1":{"name":"(anonymous_2)","decl":{"start":{"line":15,"column":17},"end":{"line":15,"column":27}},"loc":{"start":{"line":15,"column":32},"end":{"line":17,"column":11}}},"2":{"name":"(anonymous_3)","decl":{"start":{"line":22,"column":2},"end":{"line":22,"column":7}},"loc":{"start":{"line":24,"column":22},"end":{"line":46,"column":3}}},"3":{"name":"(anonymous_4)","decl":{"start":{"line":48,"column":2},"end":{"line":48,"column":7}},"loc":{"start":{"line":48,"column":53},"end":{"line":68,"column":3}}},"4":{"name":"(anonymous_5)","decl":{"start":{"line":70,"column":2},"end":{"line":70,"column":7}},"loc":{"start":{"line":70,"column":41},"end":{"line":87,"column":3}}}},"branchMap":{"0":{"loc":{"start":{"line":8,"column":4},"end":{"line":19,"column":null}},"type":"if","locations":[{"start":{"line":8,"column":4},"end":{"line":19,"column":null}}]},"1":{"loc":{"start":{"line":8,"column":8},"end":{"line":8,"column":45}},"type":"binary-expr","locations":[{"start":{"line":8,"column":8},"end":{"line":8,"column":29}},{"start":{"line":8,"column":33},"end":{"line":8,"column":45}}]},"2":{"loc":{"start":{"line":11,"column":6},"end":{"line":18,"column":null}},"type":"if","locations":[{"start":{"line":11,"column":6},"end":{"line":18,"column":null}}]},"3":{"loc":{"start":{"line":26,"column":4},"end":{"line":28,"column":null}},"type":"if","locations":[{"start":{"line":26,"column":4},"end":{"line":28,"column":null}}]},"4":{"loc":{"start":{"line":26,"column":8},"end":{"line":26,"column":61}},"type":"binary-expr","locations":[{"start":{"line":26,"column":8},"end":{"line":26,"column":19}},{"start":{"line":26,"column":23},"end":{"line":26,"column":39}},{"start":{"line":26,"column":43},"end":{"line":26,"column":61}}]},"5":{"loc":{"start":{"line":30,"column":4},"end":{"line":32,"column":null}},"type":"if","locations":[{"start":{"line":30,"column":4},"end":{"line":32,"column":null}}]},"6":{"loc":{"start":{"line":30,"column":8},"end":{"line":30,"column":76}},"type":"binary-expr","locations":[{"start":{"line":30,"column":8},"end":{"line":30,"column":20}},{"start":{"line":30,"column":24},"end":{"line":30,"column":35}},{"start":{"line":30,"column":40},"end":{"line":30,"column":56}},{"start":{"line":30,"column":60},"end":{"line":30,"column":75}}]},"7":{"loc":{"start":{"line":34,"column":4},"end":{"line":36,"column":null}},"type":"if","locations":[{"start":{"line":34,"column":4},"end":{"line":36,"column":null}}]},"8":{"loc":{"start":{"line":34,"column":8},"end":{"line":34,"column":55}},"type":"binary-expr","locations":[{"start":{"line":34,"column":8},"end":{"line":34,"column":20}},{"start":{"line":34,"column":24},"end":{"line":34,"column":36}},{"start":{"line":34,"column":40},"end":{"line":34,"column":55}}]},"9":{"loc":{"start":{"line":38,"column":4},"end":{"line":40,"column":null}},"type":"if","locations":[{"start":{"line":38,"column":4},"end":{"line":40,"column":null}}]},"10":{"loc":{"start":{"line":38,"column":8},"end":{"line":38,"column":44}},"type":"binary-expr","locations":[{"start":{"line":38,"column":8},"end":{"line":38,"column":22}},{"start":{"line":38,"column":26},"end":{"line":38,"column":44}}]},"11":{"loc":{"start":{"line":42,"column":4},"end":{"line":44,"column":null}},"type":"if","locations":[{"start":{"line":42,"column":4},"end":{"line":44,"column":null}}]},"12":{"loc":{"start":{"line":42,"column":8},"end":{"line":42,"column":44}},"type":"binary-expr","locations":[{"start":{"line":42,"column":8},"end":{"line":42,"column":22}},{"start":{"line":42,"column":26},"end":{"line":42,"column":44}}]},"13":{"loc":{"start":{"line":50,"column":4},"end":{"line":66,"column":null}},"type":"switch","locations":[{"start":{"line":51,"column":6},"end":{"line":53,"column":14}},{"start":{"line":54,"column":6},"end":{"line":56,"column":14}},{"start":{"line":57,"column":6},"end":{"line":59,"column":14}},{"start":{"line":60,"column":6},"end":{"line":62,"column":14}},{"start":{"line":63,"column":6},"end":{"line":65,"column":14}}]},"14":{"loc":{"start":{"line":72,"column":4},"end":{"line":81,"column":null}},"type":"switch","locations":[{"start":{"line":73,"column":6},"end":{"line":76,"column":14}},{"start":{"line":77,"column":6},"end":{"line":80,"column":14}}]},"15":{"loc":{"start":{"line":82,"column":11},"end":{"line":86,"column":12}},"type":"cond-expr","locations":[{"start":{"line":83,"column":8},"end":{"line":84,"column":null}},{"start":{"line":86,"column":8},"end":{"line":86,"column":12}}]},"16":{"loc":{"start":{"line":82,"column":11},"end":{"line":82,"column":68}},"type":"binary-expr","locations":[{"start":{"line":82,"column":11},"end":{"line":82,"column":38}},{"start":{"line":82,"column":42},"end":{"line":82,"column":68}}]}},"s":{"0":2,"1":2,"2":2,"3":0,"4":0,"5":0,"6":0,"7":0,"8":0,"9":0,"10":6,"11":1,"12":5,"13":1,"14":4,"15":1,"16":3,"17":1,"18":2,"19":1,"20":1,"21":5,"22":5,"23":1,"24":1,"25":1,"26":1,"27":1,"28":1,"29":1,"30":1,"31":1,"32":1,"33":5,"34":1,"35":1,"36":1,"37":1,"38":0,"39":0,"40":0,"41":1,"42":2,"43":2},"f":{"0":0,"1":0,"2":6,"3":5,"4":1},"b":{"0":[0],"1":[0,0],"2":[0],"3":[1],"4":[6,2,1],"5":[1],"6":[5,4,1,1],"7":[1],"8":[4,3,2],"9":[1],"10":[3,2],"11":[1],"12":[2,1],"13":[1,1,1,1,1],"14":[1,0],"15":[1,0],"16":[1,0]}}
,"/home/tkuku/Documents/Projects/IAA/iia-server-nest/src/services/point-behaviour/point-behaviour.service.ts": {"path":"/home/tkuku/Documents/Projects/IAA/iia-server-nest/src/services/point-behaviour/point-behaviour.service.ts","statementMap":{"0":{"start":{"line":1,"column":0},"end":{"line":1,"column":44}},"1":{"start":{"line":5,"column":0},"end":{"line":87,"column":null}},"2":{"start":{"line":13,"column":4},"end":{"line":13,"column":62}},"3":{"start":{"line":14,"column":4},"end":{"line":14,"column":59}},"4":{"start":{"line":15,"column":4},"end":{"line":15,"column":69}},"5":{"start":{"line":16,"column":4},"end":{"line":16,"column":23}},"6":{"start":{"line":20,"column":24},"end":{"line":20,"column":51}},"7":{"start":{"line":21,"column":19},"end":{"line":21,"column":30}},"8":{"start":{"line":22,"column":4},"end":{"line":38,"column":null}},"9":{"start":{"line":24,"column":8},"end":{"line":26,"column":15}},"10":{"start":{"line":27,"column":8},"end":{"line":27,"column":14}},"11":{"start":{"line":29,"column":8},"end":{"line":31,"column":15}},"12":{"start":{"line":32,"column":8},"end":{"line":32,"column":14}},"13":{"start":{"line":34,"column":8},"end":{"line":36,"column":15}},"14":{"start":{"line":37,"column":8},"end":{"line":37,"column":14}},"15":{"start":{"line":39,"column":4},"end":{"line":39,"column":20}},"16":{"start":{"line":43,"column":19},"end":{"line":43,"column":30}},"17":{"start":{"line":44,"column":17},"end":{"line":44,"column":39}},"18":{"start":{"line":45,"column":16},"end":{"line":45,"column":36}},"19":{"start":{"line":47,"column":4},"end":{"line":59,"column":null}},"20":{"start":{"line":48,"column":6},"end":{"line":50,"column":null}},"21":{"start":{"line":49,"column":8},"end":{"line":49,"column":32}},"22":{"start":{"line":52,"column":6},"end":{"line":54,"column":null}},"23":{"start":{"line":53,"column":8},"end":{"line":53,"column":32}},"24":{"start":{"line":56,"column":6},"end":{"line":58,"column":null}},"25":{"start":{"line":57,"column":8},"end":{"line":57,"column":32}},"26":{"start":{"line":61,"column":4},"end":{"line":61,"column":20}},"27":{"start":{"line":65,"column":26},"end":{"line":65,"column":28}},"28":{"start":{"line":66,"column":4},"end":{"line":70,"column":7}},"29":{"start":{"line":67,"column":6},"end":{"line":69,"column":null}},"30":{"start":{"line":68,"column":8},"end":{"line":68,"column":35}},"31":{"start":{"line":71,"column":4},"end":{"line":71,"column":25}},"32":{"start":{"line":75,"column":4},"end":{"line":75,"column":57}},"33":{"start":{"line":75,"column":46},"end":{"line":75,"column":55}},"34":{"start":{"line":82,"column":19},"end":{"line":83,"column":null}},"35":{"start":{"line":83,"column":6},"end":{"line":83,"column":34}},"36":{"start":{"line":85,"column":4},"end":{"line":85,"column":48}},"37":{"start":{"line":5,"column":13},"end":{"line":87,"column":null}},"38":{"start":{"line":5,"column":13},"end":{"line":5,"column":34}}},"fnMap":{"0":{"name":"(anonymous_1)","decl":{"start":{"line":8,"column":2},"end":{"line":8,"column":7}},"loc":{"start":{"line":11,"column":21},"end":{"line":17,"column":3}}},"1":{"name":"(anonymous_2)","decl":{"start":{"line":19,"column":2},"end":{"line":19,"column":7}},"loc":{"start":{"line":19,"column":44},"end":{"line":40,"column":3}}},"2":{"name":"(anonymous_3)","decl":{"start":{"line":42,"column":2},"end":{"line":42,"column":7}},"loc":{"start":{"line":42,"column":60},"end":{"line":62,"column":3}}},"3":{"name":"(anonymous_4)","decl":{"start":{"line":64,"column":2},"end":{"line":64,"column":7}},"loc":{"start":{"line":64,"column":47},"end":{"line":72,"column":3}}},"4":{"name":"(anonymous_5)","decl":{"start":{"line":66,"column":20},"end":{"line":66,"column":21}},"loc":{"start":{"line":66,"column":31},"end":{"line":70,"column":5}}},"5":{"name":"(anonymous_6)","decl":{"start":{"line":74,"column":2},"end":{"line":74,"column":7}},"loc":{"start":{"line":74,"column":22},"end":{"line":76,"column":3}}},"6":{"name":"(anonymous_7)","decl":{"start":{"line":75,"column":34},"end":{"line":75,"column":35}},"loc":{"start":{"line":75,"column":46},"end":{"line":75,"column":55}}},"7":{"name":"(anonymous_8)","decl":{"start":{"line":78,"column":2},"end":{"line":78,"column":7}},"loc":{"start":{"line":80,"column":30},"end":{"line":86,"column":3}}},"8":{"name":"(anonymous_9)","decl":{"start":{"line":82,"column":39},"end":{"line":82,"column":40}},"loc":{"start":{"line":83,"column":6},"end":{"line":83,"column":34}}}},"branchMap":{"0":{"loc":{"start":{"line":22,"column":4},"end":{"line":38,"column":null}},"type":"switch","locations":[{"start":{"line":23,"column":6},"end":{"line":27,"column":14}},{"start":{"line":28,"column":6},"end":{"line":32,"column":14}},{"start":{"line":33,"column":6},"end":{"line":37,"column":14}}]},"1":{"loc":{"start":{"line":24,"column":19},"end":{"line":26,"column":14}},"type":"cond-expr","locations":[{"start":{"line":25,"column":12},"end":{"line":25,"column":14}},{"start":{"line":26,"column":12},"end":{"line":26,"column":14}}]},"2":{"loc":{"start":{"line":29,"column":19},"end":{"line":31,"column":14}},"type":"cond-expr","locations":[{"start":{"line":30,"column":12},"end":{"line":30,"column":14}},{"start":{"line":31,"column":12},"end":{"line":31,"column":14}}]},"3":{"loc":{"start":{"line":34,"column":19},"end":{"line":36,"column":14}},"type":"cond-expr","locations":[{"start":{"line":35,"column":12},"end":{"line":35,"column":14}},{"start":{"line":36,"column":12},"end":{"line":36,"column":14}}]},"4":{"loc":{"start":{"line":47,"column":4},"end":{"line":59,"column":null}},"type":"if","locations":[{"start":{"line":47,"column":4},"end":{"line":59,"column":null}}]},"5":{"loc":{"start":{"line":47,"column":8},"end":{"line":47,"column":37}},"type":"binary-expr","locations":[{"start":{"line":47,"column":8},"end":{"line":47,"column":21}},{"start":{"line":47,"column":25},"end":{"line":47,"column":37}}]},"6":{"loc":{"start":{"line":48,"column":6},"end":{"line":50,"column":null}},"type":"if","locations":[{"start":{"line":48,"column":6},"end":{"line":50,"column":null}}]},"7":{"loc":{"start":{"line":52,"column":6},"end":{"line":54,"column":null}},"type":"if","locations":[{"start":{"line":52,"column":6},"end":{"line":54,"column":null}}]},"8":{"loc":{"start":{"line":52,"column":10},"end":{"line":52,"column":36}},"type":"binary-expr","locations":[{"start":{"line":52,"column":10},"end":{"line":52,"column":21}},{"start":{"line":52,"column":25},"end":{"line":52,"column":36}}]},"9":{"loc":{"start":{"line":56,"column":6},"end":{"line":58,"column":null}},"type":"if","locations":[{"start":{"line":56,"column":6},"end":{"line":58,"column":null}}]},"10":{"loc":{"start":{"line":56,"column":10},"end":{"line":56,"column":35}},"type":"binary-expr","locations":[{"start":{"line":56,"column":10},"end":{"line":56,"column":20}},{"start":{"line":56,"column":24},"end":{"line":56,"column":35}}]},"11":{"loc":{"start":{"line":67,"column":6},"end":{"line":69,"column":null}},"type":"if","locations":[{"start":{"line":67,"column":6},"end":{"line":69,"column":null}}]}},"s":{"0":2,"1":2,"2":3,"3":3,"4":3,"5":3,"6":9,"7":9,"8":9,"9":5,"10":5,"11":2,"12":2,"13":2,"14":2,"15":9,"16":8,"17":8,"18":8,"19":8,"20":7,"21":1,"22":7,"23":2,"24":7,"25":1,"26":8,"27":4,"28":4,"29":96,"30":6,"31":4,"32":10,"33":24,"34":11,"35":35,"36":11,"37":2,"38":2},"f":{"0":3,"1":9,"2":8,"3":4,"4":96,"5":10,"6":24,"7":11,"8":35},"b":{"0":[5,2,2],"1":[2,3],"2":[1,1],"3":[1,1],"4":[7],"5":[8,7],"6":[1],"7":[2],"8":[7,7],"9":[1],"10":[7,7],"11":[6]}}
,"/home/tkuku/Documents/Projects/IAA/iia-server-nest/src/services/point-behaviour/tests/mock/regions.mock.ts": {"path":"/home/tkuku/Documents/Projects/IAA/iia-server-nest/src/services/point-behaviour/tests/mock/regions.mock.ts","statementMap":{"0":{"start":{"line":4,"column":23},"end":{"line":4,"column":33}},"1":{"start":{"line":5,"column":2},"end":{"line":198,"column":4}},"2":{"start":{"line":3,"column":0},"end":{"line":3,"column":16}}},"fnMap":{"0":{"name":"regionsMock","decl":{"start":{"line":3,"column":16},"end":{"line":3,"column":27}},"loc":{"start":{"line":3,"column":27},"end":{"line":199,"column":1}}}},"branchMap":{},"s":{"0":11,"1":11,"2":1},"f":{"0":11},"b":{}}
,"/home/tkuku/Documents/Projects/IAA/iia-server-nest/src/services/region/region.service.ts": {"path":"/home/tkuku/Documents/Projects/IAA/iia-server-nest/src/services/region/region.service.ts","statementMap":{"0":{"start":{"line":1,"column":0},"end":{"line":1,"column":44}},"1":{"start":{"line":2,"column":0},"end":{"line":2,"column":26}},"2":{"start":{"line":7,"column":0},"end":{"line":80,"column":null}},"3":{"start":{"line":9,"column":4},"end":{"line":16,"column":9}},"4":{"start":{"line":12,"column":8},"end":{"line":12,"column":62}},"5":{"start":{"line":15,"column":8},"end":{"line":15,"column":31}},"6":{"start":{"line":20,"column":22},"end":{"line":20,"column":23}},"7":{"start":{"line":21,"column":4},"end":{"line":25,"column":7}},"8":{"start":{"line":22,"column":6},"end":{"line":24,"column":null}},"9":{"start":{"line":23,"column":8},"end":{"line":23,"column":35}},"10":{"start":{"line":26,"column":4},"end":{"line":26,"column":23}},"11":{"start":{"line":30,"column":34},"end":{"line":30,"column":36}},"12":{"start":{"line":31,"column":4},"end":{"line":48,"column":null}},"13":{"start":{"line":32,"column":22},"end":{"line":32,"column":52}},"14":{"start":{"line":33,"column":6},"end":{"line":47,"column":9}},"15":{"start":{"line":34,"column":35},"end":{"line":36,"column":12}},"16":{"start":{"line":35,"column":22},"end":{"line":35,"column":41}},"17":{"start":{"line":37,"column":8},"end":{"line":46,"column":null}},"18":{"start":{"line":38,"column":10},"end":{"line":45,"column":13}},"19":{"start":{"line":49,"column":4},"end":{"line":49,"column":23}},"20":{"start":{"line":53,"column":4},"end":{"line":78,"column":6}},"21":{"start":{"line":7,"column":13},"end":{"line":80,"column":null}},"22":{"start":{"line":7,"column":13},"end":{"line":7,"column":26}}},"fnMap":{"0":{"name":"(anonymous_1)","decl":{"start":{"line":8,"column":2},"end":{"line":8,"column":7}},"loc":{"start":{"line":8,"column":18},"end":{"line":17,"column":3}}},"1":{"name":"(anonymous_2)","decl":{"start":{"line":11,"column":12},"end":{"line":11,"column":17}},"loc":{"start":{"line":11,"column":31},"end":{"line":13,"column":7}}},"2":{"name":"(anonymous_3)","decl":{"start":{"line":14,"column":13},"end":{"line":14,"column":23}},"loc":{"start":{"line":14,"column":28},"end":{"line":16,"column":7}}},"3":{"name":"(anonymous_4)","decl":{"start":{"line":19,"column":2},"end":{"line":19,"column":7}},"loc":{"start":{"line":19,"column":45},"end":{"line":27,"column":3}}},"4":{"name":"(anonymous_5)","decl":{"start":{"line":21,"column":20},"end":{"line":21,"column":21}},"loc":{"start":{"line":21,"column":31},"end":{"line":25,"column":5}}},"5":{"name":"(anonymous_6)","decl":{"start":{"line":29,"column":2},"end":{"line":29,"column":7}},"loc":{"start":{"line":29,"column":31},"end":{"line":50,"column":3}}},"6":{"name":"(anonymous_7)","decl":{"start":{"line":33,"column":28},"end":{"line":33,"column":33}},"loc":{"start":{"line":33,"column":42},"end":{"line":47,"column":7}}},"7":{"name":"(anonymous_8)","decl":{"start":{"line":35,"column":10},"end":{"line":35,"column":11}},"loc":{"start":{"line":35,"column":22},"end":{"line":35,"column":41}}},"8":{"name":"(anonymous_9)","decl":{"start":{"line":52,"column":2},"end":{"line":52,"column":7}},"loc":{"start":{"line":52,"column":25},"end":{"line":79,"column":3}}}},"branchMap":{"0":{"loc":{"start":{"line":22,"column":6},"end":{"line":24,"column":null}},"type":"if","locations":[{"start":{"line":22,"column":6},"end":{"line":24,"column":null}}]},"1":{"loc":{"start":{"line":22,"column":10},"end":{"line":22,"column":54}},"type":"binary-expr","locations":[{"start":{"line":22,"column":10},"end":{"line":22,"column":24}},{"start":{"line":22,"column":28},"end":{"line":22,"column":54}}]},"2":{"loc":{"start":{"line":31,"column":4},"end":{"line":48,"column":null}},"type":"if","locations":[{"start":{"line":31,"column":4},"end":{"line":48,"column":null}}]},"3":{"loc":{"start":{"line":37,"column":8},"end":{"line":46,"column":null}},"type":"if","locations":[{"start":{"line":37,"column":8},"end":{"line":46,"column":null}}]}},"s":{"0":2,"1":2,"2":2,"3":1,"4":1,"5":0,"6":3,"7":3,"8":72,"9":3,"10":3,"11":2,"12":2,"13":2,"14":2,"15":50,"16":1200,"17":50,"18":48,"19":2,"20":3,"21":2,"22":2},"f":{"0":1,"1":1,"2":0,"3":3,"4":72,"5":2,"6":50,"7":1200,"8":3},"b":{"0":[3],"1":[72,8],"2":[2],"3":[48]}}
,"/home/tkuku/Documents/Projects/IAA/iia-server-nest/src/services/region/tests/mock/regions-bigger.mock.ts": {"path":"/home/tkuku/Documents/Projects/IAA/iia-server-nest/src/services/region/tests/mock/regions-bigger.mock.ts","statementMap":{"0":{"start":{"line":4,"column":23},"end":{"line":4,"column":33}},"1":{"start":{"line":5,"column":2},"end":{"line":198,"column":4}},"2":{"start":{"line":3,"column":0},"end":{"line":3,"column":16}}},"fnMap":{"0":{"name":"regionsBiggerMock","decl":{"start":{"line":3,"column":16},"end":{"line":3,"column":33}},"loc":{"start":{"line":3,"column":33},"end":{"line":199,"column":1}}}},"branchMap":{},"s":{"0":3,"1":3,"2":1},"f":{"0":3},"b":{}}
,"/home/tkuku/Documents/Projects/IAA/iia-server-nest/src/services/region/tests/mock/regions-full.mock.ts": {"path":"/home/tkuku/Documents/Projects/IAA/iia-server-nest/src/services/region/tests/mock/regions-full.mock.ts","statementMap":{"0":{"start":{"line":2,"column":2},"end":{"line":326,"column":4}},"1":{"start":{"line":1,"column":0},"end":{"line":1,"column":16}}},"fnMap":{"0":{"name":"regionsFullMock","decl":{"start":{"line":1,"column":16},"end":{"line":1,"column":31}},"loc":{"start":{"line":1,"column":31},"end":{"line":327,"column":1}}}},"branchMap":{},"s":{"0":1,"1":1},"f":{"0":1},"b":{}}
,"/home/tkuku/Documents/Projects/IAA/iia-server-nest/src/services/region/tests/mock/regions.mock.ts": {"path":"/home/tkuku/Documents/Projects/IAA/iia-server-nest/src/services/region/tests/mock/regions.mock.ts","statementMap":{"0":{"start":{"line":2,"column":2},"end":{"line":324,"column":4}},"1":{"start":{"line":1,"column":0},"end":{"line":1,"column":16}}},"fnMap":{"0":{"name":"regionsMock","decl":{"start":{"line":1,"column":16},"end":{"line":1,"column":27}},"loc":{"start":{"line":1,"column":27},"end":{"line":325,"column":1}}}},"branchMap":{},"s":{"0":1,"1":1},"f":{"0":1},"b":{}}
,"/home/tkuku/Documents/Projects/IAA/iia-server-nest/src/services/task/task.service.ts": {"path":"/home/tkuku/Documents/Projects/IAA/iia-server-nest/src/services/task/task.service.ts","statementMap":{"0":{"start":{"line":1,"column":0},"end":{"line":1,"column":52}},"1":{"start":{"line":2,"column":0},"end":{"line":2,"column":56}},"2":{"start":{"line":3,"column":0},"end":{"line":3,"column":57}},"3":{"start":{"line":5,"column":0},"end":{"line":5,"column":83}},"4":{"start":{"line":6,"column":0},"end":{"line":6,"column":54}},"5":{"start":{"line":9,"column":0},"end":{"line":9,"column":76}},"6":{"start":{"line":10,"column":0},"end":{"line":10,"column":73}},"7":{"start":{"line":13,"column":0},"end":{"line":13,"column":66}},"8":{"start":{"line":16,"column":25},"end":{"line":84,"column":null}},"9":{"start":{"line":17,"column":19},"end":{"line":17,"column":58}},"10":{"start":{"line":34,"column":4},"end":{"line":34,"column":40}},"11":{"start":{"line":35,"column":4},"end":{"line":35,"column":56}},"12":{"start":{"line":36,"column":4},"end":{"line":36,"column":38}},"13":{"start":{"line":37,"column":4},"end":{"line":37,"column":46}},"14":{"start":{"line":38,"column":4},"end":{"line":38,"column":44}},"15":{"start":{"line":39,"column":4},"end":{"line":39,"column":42}},"16":{"start":{"line":40,"column":4},"end":{"line":40,"column":34}},"17":{"start":{"line":45,"column":4},"end":{"line":76,"column":null}},"18":{"start":{"line":46,"column":37},"end":{"line":46,"column":75}},"19":{"start":{"line":47,"column":34},"end":{"line":48,"column":null}},"20":{"start":{"line":50,"column":27},"end":{"line":53,"column":null}},"21":{"start":{"line":55,"column":31},"end":{"line":55,"column":69}},"22":{"start":{"line":56,"column":29},"end":{"line":56,"column":66}},"23":{"start":{"line":58,"column":35},"end":{"line":59,"column":null}},"24":{"start":{"line":61,"column":6},"end":{"line":63,"column":null}},"25":{"start":{"line":62,"column":8},"end":{"line":62,"column":19}},"26":{"start":{"line":64,"column":6},"end":{"line":67,"column":null}},"27":{"start":{"line":65,"column":47},"end":{"line":65,"column":67}},"28":{"start":{"line":66,"column":8},"end":{"line":66,"column":59}},"29":{"start":{"line":69,"column":6},"end":{"line":69,"column":74}},"30":{"start":{"line":71,"column":43},"end":{"line":71,"column":78}},"31":{"start":{"line":72,"column":6},"end":{"line":72,"column":55}},"32":{"start":{"line":73,"column":6},"end":{"line":73,"column":20}},"33":{"start":{"line":75,"column":6},"end":{"line":75,"column":31}},"34":{"start":{"line":81,"column":4},"end":{"line":81,"column":48}},"35":{"start":{"line":82,"column":4},"end":{"line":82,"column":33}},"36":{"start":{"line":44,"column":2},"end":{"line":77,"column":null}},"37":{"start":{"line":80,"column":2},"end":{"line":83,"column":null}},"38":{"start":{"line":16,"column":13},"end":{"line":84,"column":null}},"39":{"start":{"line":16,"column":13},"end":{"line":16,"column":25}}},"fnMap":{"0":{"name":"(anonymous_2)","decl":{"start":{"line":26,"column":2},"end":{"line":26,"column":null}},"loc":{"start":{"line":32,"column":34},"end":{"line":41,"column":3}}},"1":{"name":"(anonymous_3)","decl":{"start":{"line":44,"column":2},"end":{"line":44,"column":7}},"loc":{"start":{"line":44,"column":23},"end":{"line":77,"column":3}}},"2":{"name":"(anonymous_4)","decl":{"start":{"line":80,"column":2},"end":{"line":80,"column":7}},"loc":{"start":{"line":80,"column":25},"end":{"line":83,"column":3}}}},"branchMap":{"0":{"loc":{"start":{"line":61,"column":6},"end":{"line":63,"column":null}},"type":"if","locations":[{"start":{"line":61,"column":6},"end":{"line":63,"column":null}}]},"1":{"loc":{"start":{"line":61,"column":10},"end":{"line":61,"column":40}},"type":"binary-expr","locations":[{"start":{"line":61,"column":10},"end":{"line":61,"column":22}},{"start":{"line":61,"column":26},"end":{"line":61,"column":40}}]},"2":{"loc":{"start":{"line":64,"column":6},"end":{"line":67,"column":null}},"type":"if","locations":[{"start":{"line":64,"column":6},"end":{"line":67,"column":null}}]},"3":{"loc":{"start":{"line":64,"column":10},"end":{"line":64,"column":39}},"type":"binary-expr","locations":[{"start":{"line":64,"column":10},"end":{"line":64,"column":24}},{"start":{"line":64,"column":28},"end":{"line":64,"column":39}}]}},"s":{"0":1,"1":1,"2":1,"3":1,"4":1,"5":1,"6":1,"7":1,"8":1,"9":3,"10":3,"11":3,"12":3,"13":3,"14":3,"15":3,"16":3,"17":3,"18":3,"19":3,"20":3,"21":3,"22":3,"23":3,"24":3,"25":1,"26":3,"27":0,"28":0,"29":3,"30":3,"31":3,"32":3,"33":0,"34":0,"35":0,"36":1,"37":1,"38":1,"39":1},"f":{"0":3,"1":3,"2":0},"b":{"0":[1],"1":[3,2],"2":[0],"3":[3,1]}}
,"/home/tkuku/Documents/Projects/IAA/iia-server-nest/src/services/task/tests/mock/regions.mock.ts": {"path":"/home/tkuku/Documents/Projects/IAA/iia-server-nest/src/services/task/tests/mock/regions.mock.ts","statementMap":{"0":{"start":{"line":4,"column":23},"end":{"line":4,"column":33}},"1":{"start":{"line":5,"column":2},"end":{"line":198,"column":4}},"2":{"start":{"line":3,"column":0},"end":{"line":3,"column":16}}},"fnMap":{"0":{"name":"regionsMock","decl":{"start":{"line":3,"column":16},"end":{"line":3,"column":27}},"loc":{"start":{"line":3,"column":27},"end":{"line":199,"column":1}}}},"branchMap":{},"s":{"0":3,"1":3,"2":1},"f":{"0":3},"b":{}}
}
