TN:
SF:src/services/alarm/alarm.service.ts
FN:5,(anonymous_1)
FNF:1
FNH:1
FNDA:2,(anonymous_1)
DA:1,2
DA:4,2
DA:6,2
DA:7,2
LF:4
LH:4
BRF:0
BRH:0
end_of_record
TN:
SF:src/services/messenger/messenger.service.ts
FN:6,(anonymous_1)
FN:15,(anonymous_2)
FN:22,(anonymous_3)
FN:48,(anonymous_4)
FN:70,(anonymous_5)
FNF:5
FNH:3
FNDA:0,(anonymous_1)
FNDA:0,(anonymous_2)
FNDA:6,(anonymous_3)
FNDA:5,(anonymous_4)
FNDA:1,(anonymous_5)
DA:1,2
DA:2,2
DA:5,2
DA:7,0
DA:8,0
DA:9,0
DA:10,0
DA:11,0
DA:12,0
DA:16,0
DA:26,6
DA:27,1
DA:30,5
DA:31,1
DA:34,4
DA:35,1
DA:38,3
DA:39,1
DA:42,2
DA:43,1
DA:45,1
DA:49,5
DA:50,5
DA:52,1
DA:53,1
DA:55,1
DA:56,1
DA:58,1
DA:59,1
DA:61,1
DA:62,1
DA:64,1
DA:65,1
DA:67,5
DA:72,1
DA:74,1
DA:75,1
DA:76,1
DA:78,0
DA:79,0
DA:80,0
DA:82,1
LF:42
LH:32
BRDA:8,0,0,0
BRDA:8,1,0,0
BRDA:8,1,1,0
BRDA:11,2,0,0
BRDA:26,3,0,1
BRDA:26,4,0,6
BRDA:26,4,1,2
BRDA:26,4,2,1
BRDA:30,5,0,1
BRDA:30,6,0,5
BRDA:30,6,1,4
BRDA:30,6,2,1
BRDA:30,6,3,1
BRDA:34,7,0,1
BRDA:34,8,0,4
BRDA:34,8,1,3
BRDA:34,8,2,2
BRDA:38,9,0,1
BRDA:38,10,0,3
BRDA:38,10,1,2
BRDA:42,11,0,1
BRDA:42,12,0,2
BRDA:42,12,1,1
BRDA:50,13,0,1
BRDA:50,13,1,1
BRDA:50,13,2,1
BRDA:50,13,3,1
BRDA:50,13,4,1
BRDA:72,14,0,1
BRDA:72,14,1,0
BRDA:82,15,0,1
BRDA:82,15,1,0
BRDA:82,16,0,1
BRDA:82,16,1,0
BRF:34
BRH:27
end_of_record
TN:
SF:src/services/point-behaviour/point-behaviour.service.ts
FN:8,(anonymous_1)
FN:19,(anonymous_2)
FN:42,(anonymous_3)
FN:64,(anonymous_4)
FN:66,(anonymous_5)
FN:74,(anonymous_6)
FN:75,(anonymous_7)
FN:78,(anonymous_8)
FN:82,(anonymous_9)
FNF:9
FNH:9
FNDA:3,(anonymous_1)
FNDA:9,(anonymous_2)
FNDA:8,(anonymous_3)
FNDA:4,(anonymous_4)
FNDA:96,(anonymous_5)
FNDA:10,(anonymous_6)
FNDA:24,(anonymous_7)
FNDA:11,(anonymous_8)
FNDA:35,(anonymous_9)
DA:1,2
DA:5,2
DA:13,3
DA:14,3
DA:15,3
DA:16,3
DA:20,9
DA:21,9
DA:22,9
DA:24,5
DA:27,5
DA:29,2
DA:32,2
DA:34,2
DA:37,2
DA:39,9
DA:43,8
DA:44,8
DA:45,8
DA:47,8
DA:48,7
DA:49,1
DA:52,7
DA:53,2
DA:56,7
DA:57,1
DA:61,8
DA:65,4
DA:66,4
DA:67,96
DA:68,6
DA:71,4
DA:75,24
DA:82,11
DA:83,35
DA:85,11
LF:36
LH:36
BRDA:22,0,0,5
BRDA:22,0,1,2
BRDA:22,0,2,2
BRDA:24,1,0,2
BRDA:24,1,1,3
BRDA:29,2,0,1
BRDA:29,2,1,1
BRDA:34,3,0,1
BRDA:34,3,1,1
BRDA:47,4,0,7
BRDA:47,5,0,8
BRDA:47,5,1,7
BRDA:48,6,0,1
BRDA:52,7,0,2
BRDA:52,8,0,7
BRDA:52,8,1,7
BRDA:56,9,0,1
BRDA:56,10,0,7
BRDA:56,10,1,7
BRDA:67,11,0,6
BRF:20
BRH:20
end_of_record
TN:
SF:src/services/point-behaviour/tests/mock/regions.mock.ts
FN:3,regionsMock
FNF:1
FNH:1
FNDA:11,regionsMock
DA:3,1
DA:4,11
DA:5,11
LF:3
LH:3
BRF:0
BRH:0
end_of_record
TN:
SF:src/services/region/region.service.ts
FN:8,(anonymous_1)
FN:11,(anonymous_2)
FN:14,(anonymous_3)
FN:19,(anonymous_4)
FN:21,(anonymous_5)
FN:29,(anonymous_6)
FN:33,(anonymous_7)
FN:35,(anonymous_8)
FN:52,(anonymous_9)
FNF:9
FNH:8
FNDA:1,(anonymous_1)
FNDA:1,(anonymous_2)
FNDA:0,(anonymous_3)
FNDA:3,(anonymous_4)
FNDA:72,(anonymous_5)
FNDA:2,(anonymous_6)
FNDA:50,(anonymous_7)
FNDA:1200,(anonymous_8)
FNDA:3,(anonymous_9)
DA:1,2
DA:2,2
DA:7,2
DA:9,1
DA:12,1
DA:15,0
DA:20,3
DA:21,3
DA:22,72
DA:23,3
DA:26,3
DA:30,2
DA:31,2
DA:32,2
DA:33,2
DA:34,50
DA:35,1200
DA:37,50
DA:38,48
DA:49,2
DA:53,3
LF:21
LH:20
BRDA:22,0,0,3
BRDA:22,1,0,72
BRDA:22,1,1,8
BRDA:31,2,0,2
BRDA:37,3,0,48
BRF:5
BRH:5
end_of_record
TN:
SF:src/services/region/tests/mock/regions-bigger.mock.ts
FN:3,regionsBiggerMock
FNF:1
FNH:1
FNDA:3,regionsBiggerMock
DA:3,1
DA:4,3
DA:5,3
LF:3
LH:3
BRF:0
BRH:0
end_of_record
TN:
SF:src/services/region/tests/mock/regions-full.mock.ts
FN:1,regionsFullMock
FNF:1
FNH:1
FNDA:1,regionsFullMock
DA:1,1
DA:2,1
LF:2
LH:2
BRF:0
BRH:0
end_of_record
TN:
SF:src/services/region/tests/mock/regions.mock.ts
FN:1,regionsMock
FNF:1
FNH:1
FNDA:1,regionsMock
DA:1,1
DA:2,1
LF:2
LH:2
BRF:0
BRH:0
end_of_record
TN:
SF:src/services/task/task.service.ts
FN:26,(anonymous_2)
FN:44,(anonymous_3)
FN:80,(anonymous_4)
FNF:3
FNH:2
FNDA:3,(anonymous_2)
FNDA:3,(anonymous_3)
FNDA:0,(anonymous_4)
DA:1,1
DA:2,1
DA:3,1
DA:5,1
DA:6,1
DA:9,1
DA:10,1
DA:13,1
DA:16,1
DA:17,3
DA:34,3
DA:35,3
DA:36,3
DA:37,3
DA:38,3
DA:39,3
DA:40,3
DA:44,1
DA:45,3
DA:46,3
DA:47,3
DA:50,3
DA:55,3
DA:56,3
DA:58,3
DA:61,3
DA:62,1
DA:64,3
DA:65,0
DA:66,0
DA:69,3
DA:71,3
DA:72,3
DA:73,3
DA:75,0
DA:80,1
DA:81,0
DA:82,0
LF:38
LH:33
BRDA:61,0,0,1
BRDA:61,1,0,3
BRDA:61,1,1,2
BRDA:64,2,0,0
BRDA:64,3,0,3
BRDA:64,3,1,1
BRF:6
BRH:5
end_of_record
TN:
SF:src/services/task/tests/mock/regions.mock.ts
FN:3,regionsMock
FNF:1
FNH:1
FNDA:3,regionsMock
DA:3,1
DA:4,3
DA:5,3
LF:3
LH:3
BRF:0
BRH:0
end_of_record
