{"C:\\Users\\tkuku\\Documents\\projects\\iaa\\src\\services\\alarm\\alarm.service.ts": {"path":"C:\\Users\\tkuku\\Documents\\projects\\iaa\\src\\services\\alarm\\alarm.service.ts","statementMap":{"0":{"start":{"line":1,"column":0},"end":{"line":1,"column":44}},"1":{"start":{"line":2,"column":0},"end":{"line":2,"column":51}},"2":{"start":{"line":5,"column":0},"end":{"line":9,"column":null}},"3":{"start":{"line":7,"column":4},"end":{"line":7,"column":67}},"4":{"start":{"line":5,"column":13},"end":{"line":9,"column":null}},"5":{"start":{"line":5,"column":13},"end":{"line":5,"column":25}}},"fnMap":{"0":{"name":"(anonymous_1)","decl":{"start":{"line":6,"column":2},"end":{"line":6,"column":7}},"loc":{"start":{"line":6,"column":30},"end":{"line":8,"column":3}}}},"branchMap":{},"s":{"0":2,"1":2,"2":2,"3":2,"4":2,"5":2},"f":{"0":2},"b":{}}
,"C:\\Users\\tkuku\\Documents\\projects\\iaa\\src\\services\\alarm\\constants\\time.ts": {"path":"C:\\Users\\tkuku\\Documents\\projects\\iaa\\src\\services\\alarm\\constants\\time.ts","statementMap":{"0":{"start":{"line":1,"column":13},"end":{"line":1,"column":39}}},"fnMap":{},"branchMap":{},"s":{"0":2},"f":{},"b":{}}
,"C:\\Users\\tkuku\\Documents\\projects\\iaa\\src\\services\\messenger\\messenger.service.ts": {"path":"C:\\Users\\tkuku\\Documents\\projects\\iaa\\src\\services\\messenger\\messenger.service.ts","statementMap":{"0":{"start":{"line":1,"column":0},"end":{"line":1,"column":44}},"1":{"start":{"line":2,"column":0},"end":{"line":2,"column":26}},"2":{"start":{"line":4,"column":0},"end":{"line":4,"column":55}},"3":{"start":{"line":5,"column":0},"end":{"line":5,"column":68}},"4":{"start":{"line":6,"column":0},"end":{"line":6,"column":80}},"5":{"start":{"line":7,"column":0},"end":{"line":7,"column":57}},"6":{"start":{"line":8,"column":0},"end":{"line":8,"column":null}},"7":{"start":{"line":15,"column":0},"end":{"line":124,"column":null}},"8":{"start":{"line":21,"column":25},"end":{"line":21,"column":71}},"9":{"start":{"line":22,"column":18},"end":{"line":25,"column":null}},"10":{"start":{"line":27,"column":4},"end":{"line":38,"column":null}},"11":{"start":{"line":28,"column":22},"end":{"line":28,"column":63}},"12":{"start":{"line":29,"column":19},"end":{"line":29,"column":56}},"13":{"start":{"line":30,"column":6},"end":{"line":37,"column":null}},"14":{"start":{"line":31,"column":8},"end":{"line":36,"column":13}},"15":{"start":{"line":35,"column":12},"end":{"line":35,"column":52}},"16":{"start":{"line":42,"column":4},"end":{"line":45,"column":6}},"17":{"start":{"line":53,"column":4},"end":{"line":59,"column":null}},"18":{"start":{"line":58,"column":6},"end":{"line":58,"column":35}},"19":{"start":{"line":61,"column":4},"end":{"line":68,"column":null}},"20":{"start":{"line":67,"column":6},"end":{"line":67,"column":39}},"21":{"start":{"line":70,"column":4},"end":{"line":76,"column":null}},"22":{"start":{"line":75,"column":6},"end":{"line":75,"column":36}},"23":{"start":{"line":78,"column":4},"end":{"line":80,"column":null}},"24":{"start":{"line":79,"column":6},"end":{"line":79,"column":39}},"25":{"start":{"line":82,"column":4},"end":{"line":88,"column":null}},"26":{"start":{"line":87,"column":6},"end":{"line":87,"column":37}},"27":{"start":{"line":90,"column":4},"end":{"line":96,"column":null}},"28":{"start":{"line":95,"column":6},"end":{"line":95,"column":42}},"29":{"start":{"line":97,"column":4},"end":{"line":97,"column":34}},"30":{"start":{"line":104,"column":24},"end":{"line":104,"column":52}},"31":{"start":{"line":106,"column":4},"end":{"line":112,"column":null}},"32":{"start":{"line":111,"column":6},"end":{"line":111,"column":61}},"33":{"start":{"line":114,"column":4},"end":{"line":114,"column":23}},"34":{"start":{"line":118,"column":4},"end":{"line":122,"column":13}},"35":{"start":{"line":15,"column":13},"end":{"line":124,"column":null}},"36":{"start":{"line":15,"column":13},"end":{"line":15,"column":29}}},"fnMap":{"0":{"name":"(anonymous_1)","decl":{"start":{"line":16,"column":2},"end":{"line":16,"column":7}},"loc":{"start":{"line":19,"column":24},"end":{"line":39,"column":3}}},"1":{"name":"(anonymous_2)","decl":{"start":{"line":34,"column":17},"end":{"line":34,"column":27}},"loc":{"start":{"line":34,"column":32},"end":{"line":36,"column":11}}},"2":{"name":"(anonymous_3)","decl":{"start":{"line":41,"column":2},"end":{"line":41,"column":7}},"loc":{"start":{"line":41,"column":50},"end":{"line":46,"column":3}}},"3":{"name":"(anonymous_4)","decl":{"start":{"line":48,"column":2},"end":{"line":48,"column":7}},"loc":{"start":{"line":51,"column":25},"end":{"line":98,"column":3}}},"4":{"name":"(anonymous_5)","decl":{"start":{"line":100,"column":2},"end":{"line":100,"column":7}},"loc":{"start":{"line":102,"column":18},"end":{"line":115,"column":3}}},"5":{"name":"(anonymous_6)","decl":{"start":{"line":117,"column":2},"end":{"line":117,"column":7}},"loc":{"start":{"line":117,"column":41},"end":{"line":123,"column":3}}}},"branchMap":{"0":{"loc":{"start":{"line":27,"column":4},"end":{"line":38,"column":null}},"type":"if","locations":[{"start":{"line":27,"column":4},"end":{"line":38,"column":null}}]},"1":{"loc":{"start":{"line":27,"column":8},"end":{"line":27,"column":65}},"type":"binary-expr","locations":[{"start":{"line":27,"column":8},"end":{"line":27,"column":29}},{"start":{"line":27,"column":33},"end":{"line":27,"column":65}}]},"2":{"loc":{"start":{"line":30,"column":6},"end":{"line":37,"column":null}},"type":"if","locations":[{"start":{"line":30,"column":6},"end":{"line":37,"column":null}}]},"3":{"loc":{"start":{"line":43,"column":6},"end":{"line":44,"column":54}},"type":"binary-expr","locations":[{"start":{"line":43,"column":6},"end":{"line":43,"column":38}},{"start":{"line":44,"column":6},"end":{"line":44,"column":54}}]},"4":{"loc":{"start":{"line":53,"column":4},"end":{"line":59,"column":null}},"type":"if","locations":[{"start":{"line":53,"column":4},"end":{"line":59,"column":null}}]},"5":{"loc":{"start":{"line":54,"column":6},"end":{"line":56,"column":42}},"type":"binary-expr","locations":[{"start":{"line":54,"column":6},"end":{"line":54,"column":46}},{"start":{"line":55,"column":6},"end":{"line":55,"column":51}},{"start":{"line":56,"column":6},"end":{"line":56,"column":42}}]},"6":{"loc":{"start":{"line":61,"column":4},"end":{"line":68,"column":null}},"type":"if","locations":[{"start":{"line":61,"column":4},"end":{"line":68,"column":null}}]},"7":{"loc":{"start":{"line":62,"column":6},"end":{"line":65,"column":53}},"type":"binary-expr","locations":[{"start":{"line":62,"column":6},"end":{"line":62,"column":47}},{"start":{"line":63,"column":6},"end":{"line":63,"column":47}},{"start":{"line":64,"column":7},"end":{"line":64,"column":53}},{"start":{"line":65,"column":8},"end":{"line":65,"column":52}}]},"8":{"loc":{"start":{"line":70,"column":4},"end":{"line":76,"column":null}},"type":"if","locations":[{"start":{"line":70,"column":4},"end":{"line":76,"column":null}}]},"9":{"loc":{"start":{"line":71,"column":6},"end":{"line":73,"column":51}},"type":"binary-expr","locations":[{"start":{"line":71,"column":6},"end":{"line":71,"column":48}},{"start":{"line":72,"column":6},"end":{"line":72,"column":36}},{"start":{"line":73,"column":6},"end":{"line":73,"column":51}}]},"10":{"loc":{"start":{"line":78,"column":4},"end":{"line":80,"column":null}},"type":"if","locations":[{"start":{"line":78,"column":4},"end":{"line":80,"column":null}}]},"11":{"loc":{"start":{"line":78,"column":8},"end":{"line":78,"column":80}},"type":"binary-expr","locations":[{"start":{"line":78,"column":8},"end":{"line":78,"column":40}},{"start":{"line":78,"column":44},"end":{"line":78,"column":80}}]},"12":{"loc":{"start":{"line":82,"column":4},"end":{"line":88,"column":null}},"type":"if","locations":[{"start":{"line":82,"column":4},"end":{"line":88,"column":null}}]},"13":{"loc":{"start":{"line":83,"column":6},"end":{"line":85,"column":19}},"type":"binary-expr","locations":[{"start":{"line":83,"column":6},"end":{"line":83,"column":38}},{"start":{"line":84,"column":6},"end":{"line":84,"column":42}},{"start":{"line":85,"column":6},"end":{"line":85,"column":19}}]},"14":{"loc":{"start":{"line":90,"column":4},"end":{"line":96,"column":null}},"type":"if","locations":[{"start":{"line":90,"column":4},"end":{"line":96,"column":null}}]},"15":{"loc":{"start":{"line":91,"column":6},"end":{"line":93,"column":18}},"type":"binary-expr","locations":[{"start":{"line":91,"column":6},"end":{"line":91,"column":38}},{"start":{"line":92,"column":6},"end":{"line":92,"column":42}},{"start":{"line":93,"column":6},"end":{"line":93,"column":18}}]},"16":{"loc":{"start":{"line":106,"column":4},"end":{"line":112,"column":null}},"type":"if","locations":[{"start":{"line":106,"column":4},"end":{"line":112,"column":null}}]},"17":{"loc":{"start":{"line":107,"column":6},"end":{"line":109,"column":38}},"type":"binary-expr","locations":[{"start":{"line":107,"column":6},"end":{"line":107,"column":37}},{"start":{"line":108,"column":6},"end":{"line":108,"column":41}},{"start":{"line":109,"column":6},"end":{"line":109,"column":38}}]},"18":{"loc":{"start":{"line":118,"column":11},"end":{"line":122,"column":12}},"type":"cond-expr","locations":[{"start":{"line":119,"column":8},"end":{"line":120,"column":null}},{"start":{"line":122,"column":8},"end":{"line":122,"column":12}}]},"19":{"loc":{"start":{"line":118,"column":11},"end":{"line":118,"column":68}},"type":"binary-expr","locations":[{"start":{"line":118,"column":11},"end":{"line":118,"column":38}},{"start":{"line":118,"column":42},"end":{"line":118,"column":68}}]}},"s":{"0":2,"1":2,"2":2,"3":2,"4":2,"5":2,"6":2,"7":2,"8":0,"9":0,"10":0,"11":0,"12":0,"13":0,"14":0,"15":0,"16":3,"17":8,"18":1,"19":7,"20":1,"21":6,"22":1,"23":5,"24":1,"25":4,"26":2,"27":2,"28":1,"29":1,"30":6,"31":6,"32":3,"33":3,"34":1,"35":2,"36":2},"f":{"0":0,"1":0,"2":3,"3":8,"4":6,"5":1},"b":{"0":[0],"1":[0,0],"2":[0],"3":[3,2],"4":[1],"5":[8,2,1],"6":[1],"7":[7,6,1,1],"8":[1],"9":[6,5,2],"10":[1],"11":[5,2],"12":[2],"13":[4,3,3],"14":[1],"15":[2,1,1],"16":[3],"17":[6,5,4],"18":[1,0],"19":[1,0]}}
,"C:\\Users\\tkuku\\Documents\\projects\\iaa\\src\\services\\messenger\\constants\\errors.ts": {"path":"C:\\Users\\tkuku\\Documents\\projects\\iaa\\src\\services\\messenger\\constants\\errors.ts","statementMap":{"0":{"start":{"line":1,"column":13},"end":{"line":1,"column":74}}},"fnMap":{},"branchMap":{},"s":{"0":2},"f":{},"b":{}}
,"C:\\Users\\tkuku\\Documents\\projects\\iaa\\src\\services\\messenger\\constants\\messages.ts": {"path":"C:\\Users\\tkuku\\Documents\\projects\\iaa\\src\\services\\messenger\\constants\\messages.ts","statementMap":{"0":{"start":{"line":1,"column":0},"end":{"line":1,"column":69}},"1":{"start":{"line":3,"column":13},"end":{"line":3,"column":37}},"2":{"start":{"line":5,"column":13},"end":{"line":13,"column":2}}},"fnMap":{},"branchMap":{},"s":{"0":2,"1":2,"2":2},"f":{},"b":{}}
,"C:\\Users\\tkuku\\Documents\\projects\\iaa\\src\\services\\messenger\\constants\\thresholds.ts": {"path":"C:\\Users\\tkuku\\Documents\\projects\\iaa\\src\\services\\messenger\\constants\\thresholds.ts","statementMap":{"0":{"start":{"line":6,"column":13},"end":{"line":6,"column":50}},"1":{"start":{"line":9,"column":13},"end":{"line":9,"column":51}},"2":{"start":{"line":12,"column":13},"end":{"line":12,"column":41}}},"fnMap":{},"branchMap":{},"s":{"0":2,"1":2,"2":2},"f":{},"b":{}}
,"C:\\Users\\tkuku\\Documents\\projects\\iaa\\src\\services\\messenger\\enums\\notification-level.enum.ts": {"path":"C:\\Users\\tkuku\\Documents\\projects\\iaa\\src\\services\\messenger\\enums\\notification-level.enum.ts","statementMap":{"0":{"start":{"line":1,"column":0},"end":{"line":1,"column":null}},"1":{"start":{"line":2,"column":2},"end":{"line":2,"column":null}},"2":{"start":{"line":3,"column":2},"end":{"line":3,"column":null}},"3":{"start":{"line":4,"column":2},"end":{"line":4,"column":null}},"4":{"start":{"line":5,"column":2},"end":{"line":5,"column":null}},"5":{"start":{"line":6,"column":2},"end":{"line":6,"column":null}},"6":{"start":{"line":7,"column":2},"end":{"line":7,"column":null}},"7":{"start":{"line":8,"column":2},"end":{"line":8,"column":null}}},"fnMap":{"0":{"name":"(anonymous_0)","decl":{"start":{"line":1,"column":0},"end":{"line":1,"column":12}},"loc":{"start":{"line":1,"column":29},"end":{"line":9,"column":1}}}},"branchMap":{"0":{"loc":{"start":{"line":1,"column":12},"end":{"line":1,"column":null}},"type":"binary-expr","locations":[{"start":{"line":1,"column":12},"end":{"line":1,"column":29}},{"start":{"line":1,"column":12},"end":{"line":1,"column":null}}]}},"s":{"0":2,"1":2,"2":2,"3":2,"4":2,"5":2,"6":2,"7":2},"f":{"0":2},"b":{"0":[2,2]}}
,"C:\\Users\\tkuku\\Documents\\projects\\iaa\\src\\services\\messenger\\tests\\mock\\unit.mock.ts": {"path":"C:\\Users\\tkuku\\Documents\\projects\\iaa\\src\\services\\messenger\\tests\\mock\\unit.mock.ts","statementMap":{"0":{"start":{"line":4,"column":19},"end":{"line":4,"column":29}},"1":{"start":{"line":5,"column":2},"end":{"line":5,"column":39}},"2":{"start":{"line":3,"column":0},"end":{"line":3,"column":16}}},"fnMap":{"0":{"name":"unitMock","decl":{"start":{"line":3,"column":16},"end":{"line":3,"column":24}},"loc":{"start":{"line":3,"column":24},"end":{"line":6,"column":1}}}},"branchMap":{},"s":{"0":1,"1":1,"2":1},"f":{"0":1},"b":{}}
,"C:\\Users\\tkuku\\Documents\\projects\\iaa\\src\\services\\point-behaviour\\point-behaviour.service.ts": {"path":"C:\\Users\\tkuku\\Documents\\projects\\iaa\\src\\services\\point-behaviour\\point-behaviour.service.ts","statementMap":{"0":{"start":{"line":1,"column":0},"end":{"line":1,"column":44}},"1":{"start":{"line":4,"column":0},"end":{"line":4,"column":null}},"2":{"start":{"line":14,"column":0},"end":{"line":14,"column":null}},"3":{"start":{"line":20,"column":0},"end":{"line":114,"column":null}},"4":{"start":{"line":29,"column":4},"end":{"line":29,"column":62}},"5":{"start":{"line":30,"column":4},"end":{"line":30,"column":59}},"6":{"start":{"line":31,"column":4},"end":{"line":35,"column":6}},"7":{"start":{"line":36,"column":4},"end":{"line":36,"column":23}},"8":{"start":{"line":40,"column":24},"end":{"line":40,"column":51}},"9":{"start":{"line":41,"column":19},"end":{"line":41,"column":30}},"10":{"start":{"line":42,"column":4},"end":{"line":59,"column":null}},"11":{"start":{"line":44,"column":8},"end":{"line":49,"column":33}},"12":{"start":{"line":50,"column":8},"end":{"line":50,"column":14}},"13":{"start":{"line":52,"column":8},"end":{"line":57,"column":35}},"14":{"start":{"line":58,"column":8},"end":{"line":58,"column":14}},"15":{"start":{"line":60,"column":4},"end":{"line":60,"column":20}},"16":{"start":{"line":68,"column":19},"end":{"line":68,"column":30}},"17":{"start":{"line":69,"column":17},"end":{"line":69,"column":42}},"18":{"start":{"line":70,"column":16},"end":{"line":70,"column":39}},"19":{"start":{"line":72,"column":4},"end":{"line":86,"column":null}},"20":{"start":{"line":76,"column":6},"end":{"line":78,"column":null}},"21":{"start":{"line":77,"column":8},"end":{"line":77,"column":46}},"22":{"start":{"line":80,"column":6},"end":{"line":85,"column":null}},"23":{"start":{"line":84,"column":8},"end":{"line":84,"column":46}},"24":{"start":{"line":88,"column":4},"end":{"line":88,"column":20}},"25":{"start":{"line":92,"column":26},"end":{"line":92,"column":28}},"26":{"start":{"line":93,"column":4},"end":{"line":97,"column":7}},"27":{"start":{"line":94,"column":6},"end":{"line":96,"column":null}},"28":{"start":{"line":95,"column":8},"end":{"line":95,"column":35}},"29":{"start":{"line":98,"column":4},"end":{"line":98,"column":25}},"30":{"start":{"line":102,"column":4},"end":{"line":102,"column":57}},"31":{"start":{"line":102,"column":46},"end":{"line":102,"column":55}},"32":{"start":{"line":109,"column":19},"end":{"line":110,"column":null}},"33":{"start":{"line":110,"column":6},"end":{"line":110,"column":34}},"34":{"start":{"line":112,"column":4},"end":{"line":112,"column":48}},"35":{"start":{"line":20,"column":13},"end":{"line":114,"column":null}},"36":{"start":{"line":20,"column":13},"end":{"line":20,"column":34}}},"fnMap":{"0":{"name":"(anonymous_1)","decl":{"start":{"line":23,"column":2},"end":{"line":23,"column":7}},"loc":{"start":{"line":27,"column":30},"end":{"line":37,"column":3}}},"1":{"name":"(anonymous_2)","decl":{"start":{"line":39,"column":2},"end":{"line":39,"column":7}},"loc":{"start":{"line":39,"column":44},"end":{"line":61,"column":3}}},"2":{"name":"(anonymous_3)","decl":{"start":{"line":63,"column":2},"end":{"line":63,"column":7}},"loc":{"start":{"line":66,"column":30},"end":{"line":89,"column":3}}},"3":{"name":"(anonymous_4)","decl":{"start":{"line":91,"column":2},"end":{"line":91,"column":7}},"loc":{"start":{"line":91,"column":47},"end":{"line":99,"column":3}}},"4":{"name":"(anonymous_5)","decl":{"start":{"line":93,"column":20},"end":{"line":93,"column":21}},"loc":{"start":{"line":93,"column":31},"end":{"line":97,"column":5}}},"5":{"name":"(anonymous_6)","decl":{"start":{"line":101,"column":2},"end":{"line":101,"column":7}},"loc":{"start":{"line":101,"column":22},"end":{"line":103,"column":3}}},"6":{"name":"(anonymous_7)","decl":{"start":{"line":102,"column":34},"end":{"line":102,"column":35}},"loc":{"start":{"line":102,"column":46},"end":{"line":102,"column":55}}},"7":{"name":"(anonymous_8)","decl":{"start":{"line":105,"column":2},"end":{"line":105,"column":7}},"loc":{"start":{"line":107,"column":30},"end":{"line":113,"column":3}}},"8":{"name":"(anonymous_9)","decl":{"start":{"line":109,"column":39},"end":{"line":109,"column":40}},"loc":{"start":{"line":110,"column":6},"end":{"line":110,"column":34}}}},"branchMap":{"0":{"loc":{"start":{"line":42,"column":4},"end":{"line":59,"column":null}},"type":"switch","locations":[{"start":{"line":43,"column":6},"end":{"line":50,"column":14}},{"start":{"line":51,"column":6},"end":{"line":58,"column":14}}]},"1":{"loc":{"start":{"line":44,"column":19},"end":{"line":49,"column":32}},"type":"cond-expr","locations":[{"start":{"line":48,"column":12},"end":{"line":48,"column":31}},{"start":{"line":49,"column":12},"end":{"line":49,"column":32}}]},"2":{"loc":{"start":{"line":52,"column":19},"end":{"line":57,"column":34}},"type":"cond-expr","locations":[{"start":{"line":56,"column":12},"end":{"line":56,"column":33}},{"start":{"line":57,"column":12},"end":{"line":57,"column":34}}]},"3":{"loc":{"start":{"line":72,"column":4},"end":{"line":86,"column":null}},"type":"if","locations":[{"start":{"line":72,"column":4},"end":{"line":86,"column":null}}]},"4":{"loc":{"start":{"line":73,"column":6},"end":{"line":74,"column":52}},"type":"binary-expr","locations":[{"start":{"line":73,"column":6},"end":{"line":73,"column":52}},{"start":{"line":74,"column":6},"end":{"line":74,"column":52}}]},"5":{"loc":{"start":{"line":76,"column":6},"end":{"line":78,"column":null}},"type":"if","locations":[{"start":{"line":76,"column":6},"end":{"line":78,"column":null}}]},"6":{"loc":{"start":{"line":80,"column":6},"end":{"line":85,"column":null}},"type":"if","locations":[{"start":{"line":80,"column":6},"end":{"line":85,"column":null}}]},"7":{"loc":{"start":{"line":81,"column":8},"end":{"line":82,"column":46}},"type":"binary-expr","locations":[{"start":{"line":81,"column":8},"end":{"line":81,"column":45}},{"start":{"line":82,"column":8},"end":{"line":82,"column":46}}]},"8":{"loc":{"start":{"line":94,"column":6},"end":{"line":96,"column":null}},"type":"if","locations":[{"start":{"line":94,"column":6},"end":{"line":96,"column":null}}]}},"s":{"0":2,"1":2,"2":2,"3":2,"4":2,"5":2,"6":2,"7":2,"8":6,"9":6,"10":6,"11":2,"12":2,"13":2,"14":2,"15":6,"16":6,"17":6,"18":6,"19":6,"20":5,"21":1,"22":5,"23":2,"24":6,"25":3,"26":3,"27":72,"28":3,"29":3,"30":7,"31":15,"32":6,"33":20,"34":6,"35":2,"36":2},"f":{"0":2,"1":6,"2":6,"3":3,"4":72,"5":7,"6":15,"7":6,"8":20},"b":{"0":[2,2],"1":[1,1],"2":[1,1],"3":[5],"4":[6,5],"5":[1],"6":[2],"7":[5,4],"8":[3]}}
,"C:\\Users\\tkuku\\Documents\\projects\\iaa\\src\\services\\point-behaviour\\constants\\point-thresholds.ts": {"path":"C:\\Users\\tkuku\\Documents\\projects\\iaa\\src\\services\\point-behaviour\\constants\\point-thresholds.ts","statementMap":{"0":{"start":{"line":6,"column":13},"end":{"line":6,"column":39}},"1":{"start":{"line":9,"column":13},"end":{"line":9,"column":38}},"2":{"start":{"line":12,"column":13},"end":{"line":12,"column":41}},"3":{"start":{"line":15,"column":13},"end":{"line":15,"column":40}},"4":{"start":{"line":18,"column":13},"end":{"line":18,"column":54}},"5":{"start":{"line":21,"column":13},"end":{"line":21,"column":53}},"6":{"start":{"line":24,"column":13},"end":{"line":24,"column":33}},"7":{"start":{"line":27,"column":13},"end":{"line":27,"column":40}}},"fnMap":{},"branchMap":{},"s":{"0":2,"1":2,"2":2,"3":2,"4":2,"5":2,"6":2,"7":2},"f":{},"b":{}}
,"C:\\Users\\tkuku\\Documents\\projects\\iaa\\src\\services\\point-behaviour\\constants\\region-groups.ts": {"path":"C:\\Users\\tkuku\\Documents\\projects\\iaa\\src\\services\\point-behaviour\\constants\\region-groups.ts","statementMap":{"0":{"start":{"line":6,"column":13},"end":{"line":6,"column":56}},"1":{"start":{"line":9,"column":13},"end":{"line":9,"column":57}}},"fnMap":{},"branchMap":{},"s":{"0":2,"1":2},"f":{},"b":{}}
,"C:\\Users\\tkuku\\Documents\\projects\\iaa\\src\\services\\point-behaviour\\tests\\mock\\regions.mock.ts": {"path":"C:\\Users\\tkuku\\Documents\\projects\\iaa\\src\\services\\point-behaviour\\tests\\mock\\regions.mock.ts","statementMap":{"0":{"start":{"line":4,"column":23},"end":{"line":4,"column":33}},"1":{"start":{"line":5,"column":2},"end":{"line":198,"column":4}},"2":{"start":{"line":3,"column":0},"end":{"line":3,"column":16}}},"fnMap":{"0":{"name":"regionsMock","decl":{"start":{"line":3,"column":16},"end":{"line":3,"column":27}},"loc":{"start":{"line":3,"column":27},"end":{"line":199,"column":1}}}},"branchMap":{},"s":{"0":8,"1":8,"2":1},"f":{"0":8},"b":{}}
,"C:\\Users\\tkuku\\Documents\\projects\\iaa\\src\\services\\region\\region.service.ts": {"path":"C:\\Users\\tkuku\\Documents\\projects\\iaa\\src\\services\\region\\region.service.ts","statementMap":{"0":{"start":{"line":1,"column":0},"end":{"line":1,"column":44}},"1":{"start":{"line":2,"column":0},"end":{"line":2,"column":26}},"2":{"start":{"line":5,"column":0},"end":{"line":5,"column":50}},"3":{"start":{"line":6,"column":0},"end":{"line":6,"column":62}},"4":{"start":{"line":9,"column":0},"end":{"line":57,"column":null}},"5":{"start":{"line":11,"column":4},"end":{"line":18,"column":9}},"6":{"start":{"line":14,"column":8},"end":{"line":14,"column":62}},"7":{"start":{"line":17,"column":8},"end":{"line":17,"column":31}},"8":{"start":{"line":22,"column":22},"end":{"line":22,"column":23}},"9":{"start":{"line":23,"column":4},"end":{"line":27,"column":7}},"10":{"start":{"line":24,"column":6},"end":{"line":26,"column":null}},"11":{"start":{"line":25,"column":8},"end":{"line":25,"column":35}},"12":{"start":{"line":28,"column":4},"end":{"line":28,"column":23}},"13":{"start":{"line":32,"column":34},"end":{"line":32,"column":36}},"14":{"start":{"line":33,"column":4},"end":{"line":50,"column":null}},"15":{"start":{"line":34,"column":22},"end":{"line":34,"column":52}},"16":{"start":{"line":35,"column":6},"end":{"line":49,"column":9}},"17":{"start":{"line":36,"column":35},"end":{"line":38,"column":12}},"18":{"start":{"line":37,"column":22},"end":{"line":37,"column":41}},"19":{"start":{"line":39,"column":8},"end":{"line":48,"column":null}},"20":{"start":{"line":40,"column":10},"end":{"line":47,"column":13}},"21":{"start":{"line":51,"column":4},"end":{"line":51,"column":23}},"22":{"start":{"line":55,"column":4},"end":{"line":55,"column":27}},"23":{"start":{"line":9,"column":13},"end":{"line":57,"column":null}},"24":{"start":{"line":9,"column":13},"end":{"line":9,"column":26}}},"fnMap":{"0":{"name":"(anonymous_1)","decl":{"start":{"line":10,"column":2},"end":{"line":10,"column":7}},"loc":{"start":{"line":10,"column":18},"end":{"line":19,"column":3}}},"1":{"name":"(anonymous_2)","decl":{"start":{"line":13,"column":12},"end":{"line":13,"column":17}},"loc":{"start":{"line":13,"column":31},"end":{"line":15,"column":7}}},"2":{"name":"(anonymous_3)","decl":{"start":{"line":16,"column":13},"end":{"line":16,"column":23}},"loc":{"start":{"line":16,"column":28},"end":{"line":18,"column":7}}},"3":{"name":"(anonymous_4)","decl":{"start":{"line":21,"column":2},"end":{"line":21,"column":7}},"loc":{"start":{"line":21,"column":45},"end":{"line":29,"column":3}}},"4":{"name":"(anonymous_5)","decl":{"start":{"line":23,"column":20},"end":{"line":23,"column":21}},"loc":{"start":{"line":23,"column":31},"end":{"line":27,"column":5}}},"5":{"name":"(anonymous_6)","decl":{"start":{"line":31,"column":2},"end":{"line":31,"column":7}},"loc":{"start":{"line":31,"column":31},"end":{"line":52,"column":3}}},"6":{"name":"(anonymous_7)","decl":{"start":{"line":35,"column":28},"end":{"line":35,"column":33}},"loc":{"start":{"line":35,"column":42},"end":{"line":49,"column":7}}},"7":{"name":"(anonymous_8)","decl":{"start":{"line":37,"column":10},"end":{"line":37,"column":11}},"loc":{"start":{"line":37,"column":22},"end":{"line":37,"column":41}}},"8":{"name":"(anonymous_9)","decl":{"start":{"line":54,"column":2},"end":{"line":54,"column":7}},"loc":{"start":{"line":54,"column":25},"end":{"line":56,"column":3}}}},"branchMap":{"0":{"loc":{"start":{"line":24,"column":6},"end":{"line":26,"column":null}},"type":"if","locations":[{"start":{"line":24,"column":6},"end":{"line":26,"column":null}}]},"1":{"loc":{"start":{"line":24,"column":10},"end":{"line":24,"column":54}},"type":"binary-expr","locations":[{"start":{"line":24,"column":10},"end":{"line":24,"column":24}},{"start":{"line":24,"column":28},"end":{"line":24,"column":54}}]},"2":{"loc":{"start":{"line":33,"column":4},"end":{"line":50,"column":null}},"type":"if","locations":[{"start":{"line":33,"column":4},"end":{"line":50,"column":null}}]},"3":{"loc":{"start":{"line":39,"column":8},"end":{"line":48,"column":null}},"type":"if","locations":[{"start":{"line":39,"column":8},"end":{"line":48,"column":null}}]}},"s":{"0":2,"1":2,"2":2,"3":2,"4":2,"5":1,"6":1,"7":0,"8":3,"9":3,"10":72,"11":3,"12":3,"13":2,"14":2,"15":2,"16":2,"17":50,"18":1200,"19":50,"20":48,"21":2,"22":3,"23":2,"24":2},"f":{"0":1,"1":1,"2":0,"3":3,"4":72,"5":2,"6":50,"7":1200,"8":3},"b":{"0":[3],"1":[72,8],"2":[2],"3":[48]}}
,"C:\\Users\\tkuku\\Documents\\projects\\iaa\\src\\services\\region\\constants\\regions-library.ts": {"path":"C:\\Users\\tkuku\\Documents\\projects\\iaa\\src\\services\\region\\constants\\regions-library.ts","statementMap":{"0":{"start":{"line":7,"column":13},"end":{"line":32,"column":2}}},"fnMap":{},"branchMap":{},"s":{"0":2},"f":{},"b":{}}
,"C:\\Users\\tkuku\\Documents\\projects\\iaa\\src\\services\\region\\tests\\mock\\regions-bigger.mock.ts": {"path":"C:\\Users\\tkuku\\Documents\\projects\\iaa\\src\\services\\region\\tests\\mock\\regions-bigger.mock.ts","statementMap":{"0":{"start":{"line":4,"column":23},"end":{"line":4,"column":33}},"1":{"start":{"line":5,"column":2},"end":{"line":198,"column":4}},"2":{"start":{"line":3,"column":0},"end":{"line":3,"column":16}}},"fnMap":{"0":{"name":"regionsBiggerMock","decl":{"start":{"line":3,"column":16},"end":{"line":3,"column":33}},"loc":{"start":{"line":3,"column":33},"end":{"line":199,"column":1}}}},"branchMap":{},"s":{"0":3,"1":3,"2":1},"f":{"0":3},"b":{}}
,"C:\\Users\\tkuku\\Documents\\projects\\iaa\\src\\services\\region\\tests\\mock\\regions-full.mock.ts": {"path":"C:\\Users\\tkuku\\Documents\\projects\\iaa\\src\\services\\region\\tests\\mock\\regions-full.mock.ts","statementMap":{"0":{"start":{"line":2,"column":2},"end":{"line":326,"column":4}},"1":{"start":{"line":1,"column":0},"end":{"line":1,"column":16}}},"fnMap":{"0":{"name":"regionsFullMock","decl":{"start":{"line":1,"column":16},"end":{"line":1,"column":31}},"loc":{"start":{"line":1,"column":31},"end":{"line":327,"column":1}}}},"branchMap":{},"s":{"0":1,"1":1},"f":{"0":1},"b":{}}
,"C:\\Users\\tkuku\\Documents\\projects\\iaa\\src\\services\\region\\tests\\mock\\regions.mock.ts": {"path":"C:\\Users\\tkuku\\Documents\\projects\\iaa\\src\\services\\region\\tests\\mock\\regions.mock.ts","statementMap":{"0":{"start":{"line":2,"column":2},"end":{"line":324,"column":4}},"1":{"start":{"line":1,"column":0},"end":{"line":1,"column":16}}},"fnMap":{"0":{"name":"regionsMock","decl":{"start":{"line":1,"column":16},"end":{"line":1,"column":27}},"loc":{"start":{"line":1,"column":27},"end":{"line":325,"column":1}}}},"branchMap":{},"s":{"0":1,"1":1},"f":{"0":1},"b":{}}
,"C:\\Users\\tkuku\\Documents\\projects\\iaa\\src\\services\\statistic\\statistic.service.ts": {"path":"C:\\Users\\tkuku\\Documents\\projects\\iaa\\src\\services\\statistic\\statistic.service.ts","statementMap":{"0":{"start":{"line":1,"column":0},"end":{"line":1,"column":44}},"1":{"start":{"line":7,"column":0},"end":{"line":70,"column":null}},"2":{"start":{"line":9,"column":22},"end":{"line":9,"column":24}},"3":{"start":{"line":10,"column":21},"end":{"line":10,"column":23}},"4":{"start":{"line":11,"column":23},"end":{"line":11,"column":40}},"5":{"start":{"line":12,"column":4},"end":{"line":16,"column":7}},"6":{"start":{"line":13,"column":19},"end":{"line":13,"column":39}},"7":{"start":{"line":14,"column":6},"end":{"line":14,"column":41}},"8":{"start":{"line":15,"column":6},"end":{"line":15,"column":38}},"9":{"start":{"line":17,"column":30},"end":{"line":17,"column":63}},"10":{"start":{"line":18,"column":35},"end":{"line":18,"column":71}},"11":{"start":{"line":19,"column":36},"end":{"line":21,"column":null}},"12":{"start":{"line":24,"column":29},"end":{"line":24,"column":61}},"13":{"start":{"line":25,"column":29},"end":{"line":25,"column":64}},"14":{"start":{"line":27,"column":4},"end":{"line":31,"column":6}},"15":{"start":{"line":35,"column":16},"end":{"line":35,"column":17}},"16":{"start":{"line":36,"column":16},"end":{"line":36,"column":17}},"17":{"start":{"line":37,"column":4},"end":{"line":42,"column":7}},"18":{"start":{"line":38,"column":6},"end":{"line":41,"column":null}},"19":{"start":{"line":39,"column":8},"end":{"line":39,"column":21}},"20":{"start":{"line":40,"column":8},"end":{"line":40,"column":25}},"21":{"start":{"line":43,"column":4},"end":{"line":43,"column":28}},"22":{"start":{"line":50,"column":16},"end":{"line":50,"column":17}},"23":{"start":{"line":51,"column":16},"end":{"line":51,"column":17}},"24":{"start":{"line":52,"column":4},"end":{"line":57,"column":7}},"25":{"start":{"line":53,"column":6},"end":{"line":56,"column":null}},"26":{"start":{"line":54,"column":8},"end":{"line":54,"column":21}},"27":{"start":{"line":55,"column":8},"end":{"line":55,"column":25}},"28":{"start":{"line":58,"column":4},"end":{"line":58,"column":28}},"29":{"start":{"line":62,"column":4},"end":{"line":68,"column":11}},"30":{"start":{"line":63,"column":6},"end":{"line":65,"column":null}},"31":{"start":{"line":64,"column":8},"end":{"line":64,"column":24}},"32":{"start":{"line":66,"column":6},"end":{"line":66,"column":29}},"33":{"start":{"line":67,"column":6},"end":{"line":67,"column":17}},"34":{"start":{"line":7,"column":13},"end":{"line":70,"column":null}},"35":{"start":{"line":7,"column":13},"end":{"line":7,"column":29}}},"fnMap":{"0":{"name":"(anonymous_1)","decl":{"start":{"line":8,"column":2},"end":{"line":8,"column":7}},"loc":{"start":{"line":8,"column":33},"end":{"line":32,"column":3}}},"1":{"name":"(anonymous_2)","decl":{"start":{"line":12,"column":23},"end":{"line":12,"column":24}},"loc":{"start":{"line":12,"column":33},"end":{"line":16,"column":5}}},"2":{"name":"(anonymous_3)","decl":{"start":{"line":34,"column":2},"end":{"line":34,"column":7}},"loc":{"start":{"line":34,"column":38},"end":{"line":44,"column":3}}},"3":{"name":"(anonymous_4)","decl":{"start":{"line":37,"column":26},"end":{"line":37,"column":27}},"loc":{"start":{"line":37,"column":32},"end":{"line":42,"column":5}}},"4":{"name":"(anonymous_5)","decl":{"start":{"line":46,"column":2},"end":{"line":46,"column":7}},"loc":{"start":{"line":48,"column":26},"end":{"line":59,"column":3}}},"5":{"name":"(anonymous_6)","decl":{"start":{"line":52,"column":25},"end":{"line":52,"column":26}},"loc":{"start":{"line":52,"column":31},"end":{"line":57,"column":5}}},"6":{"name":"(anonymous_7)","decl":{"start":{"line":61,"column":2},"end":{"line":61,"column":7}},"loc":{"start":{"line":61,"column":24},"end":{"line":69,"column":3}}},"7":{"name":"(anonymous_8)","decl":{"start":{"line":62,"column":23},"end":{"line":62,"column":24}},"loc":{"start":{"line":62,"column":38},"end":{"line":68,"column":5}}}},"branchMap":{"0":{"loc":{"start":{"line":38,"column":6},"end":{"line":41,"column":null}},"type":"if","locations":[{"start":{"line":38,"column":6},"end":{"line":41,"column":null}}]},"1":{"loc":{"start":{"line":38,"column":10},"end":{"line":38,"column":36}},"type":"binary-expr","locations":[{"start":{"line":38,"column":10},"end":{"line":38,"column":16}},{"start":{"line":38,"column":20},"end":{"line":38,"column":36}}]},"2":{"loc":{"start":{"line":53,"column":6},"end":{"line":56,"column":null}},"type":"if","locations":[{"start":{"line":53,"column":6},"end":{"line":56,"column":null}}]},"3":{"loc":{"start":{"line":53,"column":10},"end":{"line":53,"column":57}},"type":"binary-expr","locations":[{"start":{"line":53,"column":10},"end":{"line":53,"column":37}},{"start":{"line":53,"column":41},"end":{"line":53,"column":57}}]},"4":{"loc":{"start":{"line":63,"column":6},"end":{"line":65,"column":null}},"type":"if","locations":[{"start":{"line":63,"column":6},"end":{"line":65,"column":null}}]}},"s":{"0":2,"1":2,"2":1,"3":1,"4":1,"5":1,"6":6,"7":6,"8":6,"9":1,"10":1,"11":1,"12":1,"13":1,"14":1,"15":3,"16":3,"17":3,"18":9,"19":4,"20":4,"21":3,"22":2,"23":2,"24":2,"25":8,"26":3,"27":3,"28":2,"29":3,"30":21,"31":8,"32":21,"33":21,"34":2,"35":2},"f":{"0":1,"1":6,"2":3,"3":9,"4":2,"5":8,"6":3,"7":21},"b":{"0":[4],"1":[9,6],"2":[3],"3":[8,6],"4":[8]}}
,"C:\\Users\\tkuku\\Documents\\projects\\iaa\\src\\services\\task\\task.service.ts": {"path":"C:\\Users\\tkuku\\Documents\\projects\\iaa\\src\\services\\task\\task.service.ts","statementMap":{"0":{"start":{"line":1,"column":0},"end":{"line":1,"column":52}},"1":{"start":{"line":2,"column":0},"end":{"line":2,"column":56}},"2":{"start":{"line":3,"column":0},"end":{"line":3,"column":57}},"3":{"start":{"line":5,"column":0},"end":{"line":5,"column":83}},"4":{"start":{"line":6,"column":0},"end":{"line":6,"column":54}},"5":{"start":{"line":9,"column":0},"end":{"line":9,"column":76}},"6":{"start":{"line":10,"column":0},"end":{"line":10,"column":73}},"7":{"start":{"line":13,"column":0},"end":{"line":13,"column":66}},"8":{"start":{"line":14,"column":0},"end":{"line":14,"column":66}},"9":{"start":{"line":16,"column":0},"end":{"line":16,"column":81}},"10":{"start":{"line":19,"column":25},"end":{"line":126,"column":null}},"11":{"start":{"line":20,"column":19},"end":{"line":20,"column":58}},"12":{"start":{"line":39,"column":4},"end":{"line":39,"column":40}},"13":{"start":{"line":40,"column":4},"end":{"line":40,"column":56}},"14":{"start":{"line":41,"column":4},"end":{"line":41,"column":38}},"15":{"start":{"line":42,"column":4},"end":{"line":42,"column":46}},"16":{"start":{"line":43,"column":4},"end":{"line":43,"column":46}},"17":{"start":{"line":44,"column":4},"end":{"line":44,"column":44}},"18":{"start":{"line":45,"column":4},"end":{"line":45,"column":42}},"19":{"start":{"line":46,"column":4},"end":{"line":46,"column":34}},"20":{"start":{"line":51,"column":4},"end":{"line":118,"column":null}},"21":{"start":{"line":53,"column":37},"end":{"line":53,"column":75}},"22":{"start":{"line":54,"column":6},"end":{"line":115,"column":null}},"23":{"start":{"line":56,"column":36},"end":{"line":57,"column":null}},"24":{"start":{"line":61,"column":23},"end":{"line":61,"column":59}},"25":{"start":{"line":65,"column":10},"end":{"line":65,"column":56}},"26":{"start":{"line":68,"column":29},"end":{"line":72,"column":null}},"27":{"start":{"line":76,"column":33},"end":{"line":76,"column":71}},"28":{"start":{"line":78,"column":8},"end":{"line":92,"column":null}},"29":{"start":{"line":80,"column":39},"end":{"line":81,"column":null}},"30":{"start":{"line":84,"column":10},"end":{"line":86,"column":null}},"31":{"start":{"line":85,"column":12},"end":{"line":85,"column":39}},"32":{"start":{"line":88,"column":10},"end":{"line":91,"column":null}},"33":{"start":{"line":89,"column":51},"end":{"line":89,"column":71}},"34":{"start":{"line":90,"column":12},"end":{"line":90,"column":63}},"35":{"start":{"line":95,"column":31},"end":{"line":95,"column":68}},"36":{"start":{"line":97,"column":10},"end":{"line":97,"column":57}},"37":{"start":{"line":100,"column":8},"end":{"line":106,"column":null}},"38":{"start":{"line":101,"column":10},"end":{"line":105,"column":12}},"39":{"start":{"line":109,"column":45},"end":{"line":112,"column":10}},"40":{"start":{"line":113,"column":8},"end":{"line":113,"column":57}},"41":{"start":{"line":114,"column":8},"end":{"line":114,"column":22}},"42":{"start":{"line":117,"column":6},"end":{"line":117,"column":31}},"43":{"start":{"line":123,"column":4},"end":{"line":123,"column":48}},"44":{"start":{"line":124,"column":4},"end":{"line":124,"column":33}},"45":{"start":{"line":50,"column":2},"end":{"line":119,"column":null}},"46":{"start":{"line":122,"column":2},"end":{"line":125,"column":null}},"47":{"start":{"line":19,"column":13},"end":{"line":126,"column":null}},"48":{"start":{"line":19,"column":13},"end":{"line":19,"column":25}}},"fnMap":{"0":{"name":"(anonymous_2)","decl":{"start":{"line":30,"column":2},"end":{"line":30,"column":null}},"loc":{"start":{"line":37,"column":34},"end":{"line":47,"column":3}}},"1":{"name":"(anonymous_3)","decl":{"start":{"line":50,"column":2},"end":{"line":50,"column":7}},"loc":{"start":{"line":50,"column":23},"end":{"line":119,"column":3}}},"2":{"name":"(anonymous_4)","decl":{"start":{"line":122,"column":2},"end":{"line":122,"column":7}},"loc":{"start":{"line":122,"column":25},"end":{"line":125,"column":3}}}},"branchMap":{"0":{"loc":{"start":{"line":54,"column":6},"end":{"line":115,"column":null}},"type":"if","locations":[{"start":{"line":54,"column":6},"end":{"line":115,"column":null}}]},"1":{"loc":{"start":{"line":78,"column":8},"end":{"line":92,"column":null}},"type":"if","locations":[{"start":{"line":78,"column":8},"end":{"line":92,"column":null}}]},"2":{"loc":{"start":{"line":84,"column":10},"end":{"line":86,"column":null}},"type":"if","locations":[{"start":{"line":84,"column":10},"end":{"line":86,"column":null}}]},"3":{"loc":{"start":{"line":84,"column":14},"end":{"line":84,"column":59}},"type":"binary-expr","locations":[{"start":{"line":84,"column":14},"end":{"line":84,"column":26}},{"start":{"line":84,"column":30},"end":{"line":84,"column":59}}]},"4":{"loc":{"start":{"line":88,"column":10},"end":{"line":91,"column":null}},"type":"if","locations":[{"start":{"line":88,"column":10},"end":{"line":91,"column":null}}]},"5":{"loc":{"start":{"line":88,"column":14},"end":{"line":88,"column":58}},"type":"binary-expr","locations":[{"start":{"line":88,"column":14},"end":{"line":88,"column":43}},{"start":{"line":88,"column":47},"end":{"line":88,"column":58}}]},"6":{"loc":{"start":{"line":100,"column":8},"end":{"line":106,"column":null}},"type":"if","locations":[{"start":{"line":100,"column":8},"end":{"line":106,"column":null}}]}},"s":{"0":1,"1":1,"2":1,"3":1,"4":1,"5":1,"6":1,"7":1,"8":1,"9":1,"10":1,"11":3,"12":3,"13":3,"14":3,"15":3,"16":3,"17":3,"18":3,"19":3,"20":3,"21":3,"22":3,"23":3,"24":3,"25":3,"26":3,"27":3,"28":3,"29":3,"30":3,"31":1,"32":3,"33":0,"34":0,"35":3,"36":3,"37":3,"38":3,"39":3,"40":3,"41":3,"42":0,"43":0,"44":0,"45":1,"46":1,"47":1,"48":1},"f":{"0":3,"1":3,"2":0},"b":{"0":[3],"1":[3],"2":[1],"3":[3,2],"4":[0],"5":[3,1],"6":[3]}}
,"C:\\Users\\tkuku\\Documents\\projects\\iaa\\src\\services\\task\\constants\\alarm-states.ts": {"path":"C:\\Users\\tkuku\\Documents\\projects\\iaa\\src\\services\\task\\constants\\alarm-states.ts","statementMap":{"0":{"start":{"line":6,"column":13},"end":{"line":6,"column":38}},"1":{"start":{"line":9,"column":13},"end":{"line":9,"column":35}}},"fnMap":{},"branchMap":{},"s":{"0":1,"1":1},"f":{},"b":{}}
,"C:\\Users\\tkuku\\Documents\\projects\\iaa\\src\\services\\task\\tests\\mock\\regions.mock.ts": {"path":"C:\\Users\\tkuku\\Documents\\projects\\iaa\\src\\services\\task\\tests\\mock\\regions.mock.ts","statementMap":{"0":{"start":{"line":4,"column":23},"end":{"line":4,"column":33}},"1":{"start":{"line":5,"column":2},"end":{"line":198,"column":4}},"2":{"start":{"line":3,"column":0},"end":{"line":3,"column":16}}},"fnMap":{"0":{"name":"regionsMock","decl":{"start":{"line":3,"column":16},"end":{"line":3,"column":27}},"loc":{"start":{"line":3,"column":27},"end":{"line":199,"column":1}}}},"branchMap":{},"s":{"0":3,"1":3,"2":1},"f":{"0":3},"b":{}}
}
