{"/home/tkuku/Documents/Projects/IAA/iia-server-nest/src/services/alarm/alarm.service.ts": {"path":"/home/tkuku/Documents/Projects/IAA/iia-server-nest/src/services/alarm/alarm.service.ts","statementMap":{"0":{"start":{"line":1,"column":0},"end":{"line":1,"column":44}},"1":{"start":{"line":4,"column":0},"end":{"line":9,"column":null}},"2":{"start":{"line":6,"column":23},"end":{"line":6,"column":30}},"3":{"start":{"line":7,"column":4},"end":{"line":7,"column":62}},"4":{"start":{"line":4,"column":13},"end":{"line":9,"column":null}},"5":{"start":{"line":4,"column":13},"end":{"line":4,"column":25}}},"fnMap":{"0":{"name":"(anonymous_1)","decl":{"start":{"line":5,"column":2},"end":{"line":5,"column":7}},"loc":{"start":{"line":5,"column":30},"end":{"line":8,"column":3}}}},"branchMap":{},"s":{"0":2,"1":2,"2":2,"3":2,"4":2,"5":2},"f":{"0":2},"b":{}}
,"/home/tkuku/Documents/Projects/IAA/iia-server-nest/src/services/messenger/messenger.service.ts": {"path":"/home/tkuku/Documents/Projects/IAA/iia-server-nest/src/services/messenger/messenger.service.ts","statementMap":{"0":{"start":{"line":1,"column":0},"end":{"line":1,"column":44}},"1":{"start":{"line":2,"column":0},"end":{"line":2,"column":26}},"2":{"start":{"line":5,"column":0},"end":{"line":77,"column":null}},"3":{"start":{"line":7,"column":18},"end":{"line":7,"column":69}},"4":{"start":{"line":8,"column":4},"end":{"line":19,"column":null}},"5":{"start":{"line":9,"column":22},"end":{"line":9,"column":63}},"6":{"start":{"line":10,"column":19},"end":{"line":10,"column":56}},"7":{"start":{"line":11,"column":6},"end":{"line":18,"column":null}},"8":{"start":{"line":12,"column":8},"end":{"line":17,"column":13}},"9":{"start":{"line":16,"column":12},"end":{"line":16,"column":71}},"10":{"start":{"line":26,"column":4},"end":{"line":28,"column":null}},"11":{"start":{"line":27,"column":6},"end":{"line":27,"column":19}},"12":{"start":{"line":30,"column":4},"end":{"line":32,"column":null}},"13":{"start":{"line":31,"column":6},"end":{"line":31,"column":23}},"14":{"start":{"line":34,"column":4},"end":{"line":36,"column":null}},"15":{"start":{"line":35,"column":6},"end":{"line":35,"column":20}},"16":{"start":{"line":38,"column":4},"end":{"line":40,"column":null}},"17":{"start":{"line":39,"column":6},"end":{"line":39,"column":23}},"18":{"start":{"line":42,"column":4},"end":{"line":44,"column":null}},"19":{"start":{"line":43,"column":6},"end":{"line":43,"column":21}},"20":{"start":{"line":45,"column":4},"end":{"line":45,"column":14}},"21":{"start":{"line":49,"column":18},"end":{"line":49,"column":20}},"22":{"start":{"line":50,"column":4},"end":{"line":66,"column":null}},"23":{"start":{"line":52,"column":8},"end":{"line":52,"column":72}},"24":{"start":{"line":53,"column":8},"end":{"line":53,"column":14}},"25":{"start":{"line":55,"column":8},"end":{"line":55,"column":73}},"26":{"start":{"line":56,"column":8},"end":{"line":56,"column":14}},"27":{"start":{"line":58,"column":8},"end":{"line":58,"column":72}},"28":{"start":{"line":59,"column":8},"end":{"line":59,"column":14}},"29":{"start":{"line":61,"column":8},"end":{"line":61,"column":56}},"30":{"start":{"line":62,"column":8},"end":{"line":62,"column":14}},"31":{"start":{"line":64,"column":8},"end":{"line":64,"column":60}},"32":{"start":{"line":65,"column":8},"end":{"line":65,"column":14}},"33":{"start":{"line":67,"column":4},"end":{"line":67,"column":19}},"34":{"start":{"line":71,"column":4},"end":{"line":75,"column":13}},"35":{"start":{"line":5,"column":13},"end":{"line":77,"column":null}},"36":{"start":{"line":5,"column":13},"end":{"line":5,"column":29}}},"fnMap":{"0":{"name":"(anonymous_1)","decl":{"start":{"line":6,"column":2},"end":{"line":6,"column":7}},"loc":{"start":{"line":6,"column":57},"end":{"line":20,"column":3}}},"1":{"name":"(anonymous_2)","decl":{"start":{"line":15,"column":17},"end":{"line":15,"column":27}},"loc":{"start":{"line":15,"column":32},"end":{"line":17,"column":11}}},"2":{"name":"(anonymous_3)","decl":{"start":{"line":22,"column":2},"end":{"line":22,"column":7}},"loc":{"start":{"line":24,"column":22},"end":{"line":46,"column":3}}},"3":{"name":"(anonymous_4)","decl":{"start":{"line":48,"column":2},"end":{"line":48,"column":7}},"loc":{"start":{"line":48,"column":53},"end":{"line":68,"column":3}}},"4":{"name":"(anonymous_5)","decl":{"start":{"line":70,"column":2},"end":{"line":70,"column":7}},"loc":{"start":{"line":70,"column":41},"end":{"line":76,"column":3}}}},"branchMap":{"0":{"loc":{"start":{"line":8,"column":4},"end":{"line":19,"column":null}},"type":"if","locations":[{"start":{"line":8,"column":4},"end":{"line":19,"column":null}}]},"1":{"loc":{"start":{"line":8,"column":8},"end":{"line":8,"column":45}},"type":"binary-expr","locations":[{"start":{"line":8,"column":8},"end":{"line":8,"column":29}},{"start":{"line":8,"column":33},"end":{"line":8,"column":45}}]},"2":{"loc":{"start":{"line":11,"column":6},"end":{"line":18,"column":null}},"type":"if","locations":[{"start":{"line":11,"column":6},"end":{"line":18,"column":null}}]},"3":{"loc":{"start":{"line":26,"column":4},"end":{"line":28,"column":null}},"type":"if","locations":[{"start":{"line":26,"column":4},"end":{"line":28,"column":null}}]},"4":{"loc":{"start":{"line":26,"column":8},"end":{"line":26,"column":61}},"type":"binary-expr","locations":[{"start":{"line":26,"column":8},"end":{"line":26,"column":19}},{"start":{"line":26,"column":23},"end":{"line":26,"column":39}},{"start":{"line":26,"column":43},"end":{"line":26,"column":61}}]},"5":{"loc":{"start":{"line":30,"column":4},"end":{"line":32,"column":null}},"type":"if","locations":[{"start":{"line":30,"column":4},"end":{"line":32,"column":null}}]},"6":{"loc":{"start":{"line":30,"column":8},"end":{"line":30,"column":76}},"type":"binary-expr","locations":[{"start":{"line":30,"column":8},"end":{"line":30,"column":20}},{"start":{"line":30,"column":24},"end":{"line":30,"column":35}},{"start":{"line":30,"column":40},"end":{"line":30,"column":56}},{"start":{"line":30,"column":60},"end":{"line":30,"column":75}}]},"7":{"loc":{"start":{"line":34,"column":4},"end":{"line":36,"column":null}},"type":"if","locations":[{"start":{"line":34,"column":4},"end":{"line":36,"column":null}}]},"8":{"loc":{"start":{"line":34,"column":8},"end":{"line":34,"column":55}},"type":"binary-expr","locations":[{"start":{"line":34,"column":8},"end":{"line":34,"column":20}},{"start":{"line":34,"column":24},"end":{"line":34,"column":36}},{"start":{"line":34,"column":40},"end":{"line":34,"column":55}}]},"9":{"loc":{"start":{"line":38,"column":4},"end":{"line":40,"column":null}},"type":"if","locations":[{"start":{"line":38,"column":4},"end":{"line":40,"column":null}}]},"10":{"loc":{"start":{"line":38,"column":8},"end":{"line":38,"column":44}},"type":"binary-expr","locations":[{"start":{"line":38,"column":8},"end":{"line":38,"column":22}},{"start":{"line":38,"column":26},"end":{"line":38,"column":44}}]},"11":{"loc":{"start":{"line":42,"column":4},"end":{"line":44,"column":null}},"type":"if","locations":[{"start":{"line":42,"column":4},"end":{"line":44,"column":null}}]},"12":{"loc":{"start":{"line":42,"column":8},"end":{"line":42,"column":44}},"type":"binary-expr","locations":[{"start":{"line":42,"column":8},"end":{"line":42,"column":22}},{"start":{"line":42,"column":26},"end":{"line":42,"column":44}}]},"13":{"loc":{"start":{"line":50,"column":4},"end":{"line":66,"column":null}},"type":"switch","locations":[{"start":{"line":51,"column":6},"end":{"line":53,"column":14}},{"start":{"line":54,"column":6},"end":{"line":56,"column":14}},{"start":{"line":57,"column":6},"end":{"line":59,"column":14}},{"start":{"line":60,"column":6},"end":{"line":62,"column":14}},{"start":{"line":63,"column":6},"end":{"line":65,"column":14}}]},"14":{"loc":{"start":{"line":71,"column":11},"end":{"line":75,"column":12}},"type":"cond-expr","locations":[{"start":{"line":72,"column":8},"end":{"line":73,"column":null}},{"start":{"line":75,"column":8},"end":{"line":75,"column":12}}]},"15":{"loc":{"start":{"line":71,"column":11},"end":{"line":71,"column":68}},"type":"binary-expr","locations":[{"start":{"line":71,"column":11},"end":{"line":71,"column":38}},{"start":{"line":71,"column":42},"end":{"line":71,"column":68}}]}},"s":{"0":2,"1":2,"2":2,"3":0,"4":0,"5":0,"6":0,"7":0,"8":0,"9":0,"10":6,"11":1,"12":5,"13":1,"14":4,"15":1,"16":3,"17":1,"18":2,"19":1,"20":1,"21":5,"22":5,"23":1,"24":1,"25":1,"26":1,"27":1,"28":1,"29":1,"30":1,"31":1,"32":1,"33":5,"34":1,"35":2,"36":2},"f":{"0":0,"1":0,"2":6,"3":5,"4":1},"b":{"0":[0],"1":[0,0],"2":[0],"3":[1],"4":[6,2,1],"5":[1],"6":[5,4,1,1],"7":[1],"8":[4,3,2],"9":[1],"10":[3,2],"11":[1],"12":[2,1],"13":[1,1,1,1,1],"14":[1,0],"15":[1,0]}}
,"/home/tkuku/Documents/Projects/IAA/iia-server-nest/src/services/point-behaviour/point-behaviour.service.ts": {"path":"/home/tkuku/Documents/Projects/IAA/iia-server-nest/src/services/point-behaviour/point-behaviour.service.ts","statementMap":{"0":{"start":{"line":1,"column":0},"end":{"line":1,"column":44}},"1":{"start":{"line":6,"column":0},"end":{"line":91,"column":null}},"2":{"start":{"line":15,"column":4},"end":{"line":15,"column":62}},"3":{"start":{"line":16,"column":4},"end":{"line":16,"column":59}},"4":{"start":{"line":17,"column":4},"end":{"line":21,"column":6}},"5":{"start":{"line":22,"column":4},"end":{"line":22,"column":23}},"6":{"start":{"line":26,"column":24},"end":{"line":26,"column":51}},"7":{"start":{"line":27,"column":19},"end":{"line":27,"column":30}},"8":{"start":{"line":28,"column":4},"end":{"line":39,"column":null}},"9":{"start":{"line":30,"column":8},"end":{"line":32,"column":15}},"10":{"start":{"line":33,"column":8},"end":{"line":33,"column":14}},"11":{"start":{"line":35,"column":8},"end":{"line":37,"column":15}},"12":{"start":{"line":38,"column":8},"end":{"line":38,"column":14}},"13":{"start":{"line":40,"column":4},"end":{"line":40,"column":20}},"14":{"start":{"line":48,"column":19},"end":{"line":48,"column":30}},"15":{"start":{"line":49,"column":17},"end":{"line":49,"column":42}},"16":{"start":{"line":50,"column":16},"end":{"line":50,"column":39}},"17":{"start":{"line":52,"column":4},"end":{"line":63,"column":null}},"18":{"start":{"line":53,"column":6},"end":{"line":55,"column":null}},"19":{"start":{"line":54,"column":8},"end":{"line":54,"column":32}},"20":{"start":{"line":57,"column":6},"end":{"line":62,"column":null}},"21":{"start":{"line":61,"column":8},"end":{"line":61,"column":32}},"22":{"start":{"line":65,"column":4},"end":{"line":65,"column":20}},"23":{"start":{"line":69,"column":26},"end":{"line":69,"column":28}},"24":{"start":{"line":70,"column":4},"end":{"line":74,"column":7}},"25":{"start":{"line":71,"column":6},"end":{"line":73,"column":null}},"26":{"start":{"line":72,"column":8},"end":{"line":72,"column":35}},"27":{"start":{"line":75,"column":4},"end":{"line":75,"column":25}},"28":{"start":{"line":79,"column":4},"end":{"line":79,"column":57}},"29":{"start":{"line":79,"column":46},"end":{"line":79,"column":55}},"30":{"start":{"line":86,"column":19},"end":{"line":87,"column":null}},"31":{"start":{"line":87,"column":6},"end":{"line":87,"column":34}},"32":{"start":{"line":89,"column":4},"end":{"line":89,"column":48}},"33":{"start":{"line":6,"column":13},"end":{"line":91,"column":null}},"34":{"start":{"line":6,"column":13},"end":{"line":6,"column":34}}},"fnMap":{"0":{"name":"(anonymous_1)","decl":{"start":{"line":9,"column":2},"end":{"line":9,"column":7}},"loc":{"start":{"line":13,"column":30},"end":{"line":23,"column":3}}},"1":{"name":"(anonymous_2)","decl":{"start":{"line":25,"column":2},"end":{"line":25,"column":7}},"loc":{"start":{"line":25,"column":44},"end":{"line":41,"column":3}}},"2":{"name":"(anonymous_3)","decl":{"start":{"line":43,"column":2},"end":{"line":43,"column":7}},"loc":{"start":{"line":46,"column":30},"end":{"line":66,"column":3}}},"3":{"name":"(anonymous_4)","decl":{"start":{"line":68,"column":2},"end":{"line":68,"column":7}},"loc":{"start":{"line":68,"column":47},"end":{"line":76,"column":3}}},"4":{"name":"(anonymous_5)","decl":{"start":{"line":70,"column":20},"end":{"line":70,"column":21}},"loc":{"start":{"line":70,"column":31},"end":{"line":74,"column":5}}},"5":{"name":"(anonymous_6)","decl":{"start":{"line":78,"column":2},"end":{"line":78,"column":7}},"loc":{"start":{"line":78,"column":22},"end":{"line":80,"column":3}}},"6":{"name":"(anonymous_7)","decl":{"start":{"line":79,"column":34},"end":{"line":79,"column":35}},"loc":{"start":{"line":79,"column":46},"end":{"line":79,"column":55}}},"7":{"name":"(anonymous_8)","decl":{"start":{"line":82,"column":2},"end":{"line":82,"column":7}},"loc":{"start":{"line":84,"column":30},"end":{"line":90,"column":3}}},"8":{"name":"(anonymous_9)","decl":{"start":{"line":86,"column":39},"end":{"line":86,"column":40}},"loc":{"start":{"line":87,"column":6},"end":{"line":87,"column":34}}}},"branchMap":{"0":{"loc":{"start":{"line":28,"column":4},"end":{"line":39,"column":null}},"type":"switch","locations":[{"start":{"line":29,"column":6},"end":{"line":33,"column":14}},{"start":{"line":34,"column":6},"end":{"line":38,"column":14}}]},"1":{"loc":{"start":{"line":30,"column":19},"end":{"line":32,"column":14}},"type":"cond-expr","locations":[{"start":{"line":31,"column":12},"end":{"line":31,"column":14}},{"start":{"line":32,"column":12},"end":{"line":32,"column":14}}]},"2":{"loc":{"start":{"line":35,"column":19},"end":{"line":37,"column":14}},"type":"cond-expr","locations":[{"start":{"line":36,"column":12},"end":{"line":36,"column":14}},{"start":{"line":37,"column":12},"end":{"line":37,"column":14}}]},"3":{"loc":{"start":{"line":52,"column":4},"end":{"line":63,"column":null}},"type":"if","locations":[{"start":{"line":52,"column":4},"end":{"line":63,"column":null}}]},"4":{"loc":{"start":{"line":52,"column":8},"end":{"line":52,"column":37}},"type":"binary-expr","locations":[{"start":{"line":52,"column":8},"end":{"line":52,"column":21}},{"start":{"line":52,"column":25},"end":{"line":52,"column":37}}]},"5":{"loc":{"start":{"line":53,"column":6},"end":{"line":55,"column":null}},"type":"if","locations":[{"start":{"line":53,"column":6},"end":{"line":55,"column":null}}]},"6":{"loc":{"start":{"line":57,"column":6},"end":{"line":62,"column":null}},"type":"if","locations":[{"start":{"line":57,"column":6},"end":{"line":62,"column":null}}]},"7":{"loc":{"start":{"line":58,"column":8},"end":{"line":59,"column":46}},"type":"binary-expr","locations":[{"start":{"line":58,"column":8},"end":{"line":58,"column":45}},{"start":{"line":59,"column":8},"end":{"line":59,"column":46}}]},"8":{"loc":{"start":{"line":71,"column":6},"end":{"line":73,"column":null}},"type":"if","locations":[{"start":{"line":71,"column":6},"end":{"line":73,"column":null}}]}},"s":{"0":2,"1":2,"2":2,"3":2,"4":2,"5":2,"6":6,"7":6,"8":6,"9":2,"10":2,"11":2,"12":2,"13":6,"14":6,"15":6,"16":6,"17":6,"18":5,"19":1,"20":5,"21":2,"22":6,"23":3,"24":3,"25":72,"26":3,"27":3,"28":7,"29":15,"30":6,"31":20,"32":6,"33":2,"34":2},"f":{"0":2,"1":6,"2":6,"3":3,"4":72,"5":7,"6":15,"7":6,"8":20},"b":{"0":[2,2],"1":[1,1],"2":[1,1],"3":[5],"4":[6,5],"5":[1],"6":[2],"7":[5,4],"8":[3]}}
,"/home/tkuku/Documents/Projects/IAA/iia-server-nest/src/services/point-behaviour/tests/mock/regions.mock.ts": {"path":"/home/tkuku/Documents/Projects/IAA/iia-server-nest/src/services/point-behaviour/tests/mock/regions.mock.ts","statementMap":{"0":{"start":{"line":4,"column":23},"end":{"line":4,"column":33}},"1":{"start":{"line":5,"column":2},"end":{"line":198,"column":4}},"2":{"start":{"line":3,"column":0},"end":{"line":3,"column":16}}},"fnMap":{"0":{"name":"regionsMock","decl":{"start":{"line":3,"column":16},"end":{"line":3,"column":27}},"loc":{"start":{"line":3,"column":27},"end":{"line":199,"column":1}}}},"branchMap":{},"s":{"0":8,"1":8,"2":1},"f":{"0":8},"b":{}}
,"/home/tkuku/Documents/Projects/IAA/iia-server-nest/src/services/region/region.service.ts": {"path":"/home/tkuku/Documents/Projects/IAA/iia-server-nest/src/services/region/region.service.ts","statementMap":{"0":{"start":{"line":1,"column":0},"end":{"line":1,"column":44}},"1":{"start":{"line":2,"column":0},"end":{"line":2,"column":26}},"2":{"start":{"line":7,"column":0},"end":{"line":80,"column":null}},"3":{"start":{"line":9,"column":4},"end":{"line":16,"column":9}},"4":{"start":{"line":12,"column":8},"end":{"line":12,"column":62}},"5":{"start":{"line":15,"column":8},"end":{"line":15,"column":31}},"6":{"start":{"line":20,"column":22},"end":{"line":20,"column":23}},"7":{"start":{"line":21,"column":4},"end":{"line":25,"column":7}},"8":{"start":{"line":22,"column":6},"end":{"line":24,"column":null}},"9":{"start":{"line":23,"column":8},"end":{"line":23,"column":35}},"10":{"start":{"line":26,"column":4},"end":{"line":26,"column":23}},"11":{"start":{"line":30,"column":34},"end":{"line":30,"column":36}},"12":{"start":{"line":31,"column":4},"end":{"line":48,"column":null}},"13":{"start":{"line":32,"column":22},"end":{"line":32,"column":52}},"14":{"start":{"line":33,"column":6},"end":{"line":47,"column":9}},"15":{"start":{"line":34,"column":35},"end":{"line":36,"column":12}},"16":{"start":{"line":35,"column":22},"end":{"line":35,"column":41}},"17":{"start":{"line":37,"column":8},"end":{"line":46,"column":null}},"18":{"start":{"line":38,"column":10},"end":{"line":45,"column":13}},"19":{"start":{"line":49,"column":4},"end":{"line":49,"column":23}},"20":{"start":{"line":53,"column":4},"end":{"line":78,"column":6}},"21":{"start":{"line":7,"column":13},"end":{"line":80,"column":null}},"22":{"start":{"line":7,"column":13},"end":{"line":7,"column":26}}},"fnMap":{"0":{"name":"(anonymous_1)","decl":{"start":{"line":8,"column":2},"end":{"line":8,"column":7}},"loc":{"start":{"line":8,"column":18},"end":{"line":17,"column":3}}},"1":{"name":"(anonymous_2)","decl":{"start":{"line":11,"column":12},"end":{"line":11,"column":17}},"loc":{"start":{"line":11,"column":31},"end":{"line":13,"column":7}}},"2":{"name":"(anonymous_3)","decl":{"start":{"line":14,"column":13},"end":{"line":14,"column":23}},"loc":{"start":{"line":14,"column":28},"end":{"line":16,"column":7}}},"3":{"name":"(anonymous_4)","decl":{"start":{"line":19,"column":2},"end":{"line":19,"column":7}},"loc":{"start":{"line":19,"column":45},"end":{"line":27,"column":3}}},"4":{"name":"(anonymous_5)","decl":{"start":{"line":21,"column":20},"end":{"line":21,"column":21}},"loc":{"start":{"line":21,"column":31},"end":{"line":25,"column":5}}},"5":{"name":"(anonymous_6)","decl":{"start":{"line":29,"column":2},"end":{"line":29,"column":7}},"loc":{"start":{"line":29,"column":31},"end":{"line":50,"column":3}}},"6":{"name":"(anonymous_7)","decl":{"start":{"line":33,"column":28},"end":{"line":33,"column":33}},"loc":{"start":{"line":33,"column":42},"end":{"line":47,"column":7}}},"7":{"name":"(anonymous_8)","decl":{"start":{"line":35,"column":10},"end":{"line":35,"column":11}},"loc":{"start":{"line":35,"column":22},"end":{"line":35,"column":41}}},"8":{"name":"(anonymous_9)","decl":{"start":{"line":52,"column":2},"end":{"line":52,"column":7}},"loc":{"start":{"line":52,"column":25},"end":{"line":79,"column":3}}}},"branchMap":{"0":{"loc":{"start":{"line":22,"column":6},"end":{"line":24,"column":null}},"type":"if","locations":[{"start":{"line":22,"column":6},"end":{"line":24,"column":null}}]},"1":{"loc":{"start":{"line":22,"column":10},"end":{"line":22,"column":54}},"type":"binary-expr","locations":[{"start":{"line":22,"column":10},"end":{"line":22,"column":24}},{"start":{"line":22,"column":28},"end":{"line":22,"column":54}}]},"2":{"loc":{"start":{"line":31,"column":4},"end":{"line":48,"column":null}},"type":"if","locations":[{"start":{"line":31,"column":4},"end":{"line":48,"column":null}}]},"3":{"loc":{"start":{"line":37,"column":8},"end":{"line":46,"column":null}},"type":"if","locations":[{"start":{"line":37,"column":8},"end":{"line":46,"column":null}}]}},"s":{"0":2,"1":2,"2":2,"3":1,"4":1,"5":0,"6":3,"7":3,"8":72,"9":3,"10":3,"11":2,"12":2,"13":2,"14":2,"15":50,"16":1200,"17":50,"18":48,"19":2,"20":3,"21":2,"22":2},"f":{"0":1,"1":1,"2":0,"3":3,"4":72,"5":2,"6":50,"7":1200,"8":3},"b":{"0":[3],"1":[72,8],"2":[2],"3":[48]}}
,"/home/tkuku/Documents/Projects/IAA/iia-server-nest/src/services/region/tests/mock/regions-bigger.mock.ts": {"path":"/home/tkuku/Documents/Projects/IAA/iia-server-nest/src/services/region/tests/mock/regions-bigger.mock.ts","statementMap":{"0":{"start":{"line":4,"column":23},"end":{"line":4,"column":33}},"1":{"start":{"line":5,"column":2},"end":{"line":198,"column":4}},"2":{"start":{"line":3,"column":0},"end":{"line":3,"column":16}}},"fnMap":{"0":{"name":"regionsBiggerMock","decl":{"start":{"line":3,"column":16},"end":{"line":3,"column":33}},"loc":{"start":{"line":3,"column":33},"end":{"line":199,"column":1}}}},"branchMap":{},"s":{"0":3,"1":3,"2":1},"f":{"0":3},"b":{}}
,"/home/tkuku/Documents/Projects/IAA/iia-server-nest/src/services/region/tests/mock/regions-full.mock.ts": {"path":"/home/tkuku/Documents/Projects/IAA/iia-server-nest/src/services/region/tests/mock/regions-full.mock.ts","statementMap":{"0":{"start":{"line":2,"column":2},"end":{"line":326,"column":4}},"1":{"start":{"line":1,"column":0},"end":{"line":1,"column":16}}},"fnMap":{"0":{"name":"regionsFullMock","decl":{"start":{"line":1,"column":16},"end":{"line":1,"column":31}},"loc":{"start":{"line":1,"column":31},"end":{"line":327,"column":1}}}},"branchMap":{},"s":{"0":1,"1":1},"f":{"0":1},"b":{}}
,"/home/tkuku/Documents/Projects/IAA/iia-server-nest/src/services/region/tests/mock/regions.mock.ts": {"path":"/home/tkuku/Documents/Projects/IAA/iia-server-nest/src/services/region/tests/mock/regions.mock.ts","statementMap":{"0":{"start":{"line":2,"column":2},"end":{"line":324,"column":4}},"1":{"start":{"line":1,"column":0},"end":{"line":1,"column":16}}},"fnMap":{"0":{"name":"regionsMock","decl":{"start":{"line":1,"column":16},"end":{"line":1,"column":27}},"loc":{"start":{"line":1,"column":27},"end":{"line":325,"column":1}}}},"branchMap":{},"s":{"0":1,"1":1},"f":{"0":1},"b":{}}
,"/home/tkuku/Documents/Projects/IAA/iia-server-nest/src/services/statistic/statistic.service.ts": {"path":"/home/tkuku/Documents/Projects/IAA/iia-server-nest/src/services/statistic/statistic.service.ts","statementMap":{"0":{"start":{"line":1,"column":0},"end":{"line":1,"column":44}},"1":{"start":{"line":7,"column":0},"end":{"line":70,"column":null}},"2":{"start":{"line":9,"column":22},"end":{"line":9,"column":24}},"3":{"start":{"line":10,"column":21},"end":{"line":10,"column":23}},"4":{"start":{"line":11,"column":23},"end":{"line":11,"column":40}},"5":{"start":{"line":12,"column":4},"end":{"line":16,"column":7}},"6":{"start":{"line":13,"column":19},"end":{"line":13,"column":39}},"7":{"start":{"line":14,"column":6},"end":{"line":14,"column":41}},"8":{"start":{"line":15,"column":6},"end":{"line":15,"column":38}},"9":{"start":{"line":17,"column":30},"end":{"line":17,"column":63}},"10":{"start":{"line":18,"column":35},"end":{"line":18,"column":71}},"11":{"start":{"line":19,"column":36},"end":{"line":21,"column":null}},"12":{"start":{"line":24,"column":29},"end":{"line":24,"column":61}},"13":{"start":{"line":25,"column":29},"end":{"line":25,"column":64}},"14":{"start":{"line":27,"column":4},"end":{"line":31,"column":6}},"15":{"start":{"line":35,"column":16},"end":{"line":35,"column":17}},"16":{"start":{"line":36,"column":16},"end":{"line":36,"column":17}},"17":{"start":{"line":37,"column":4},"end":{"line":42,"column":7}},"18":{"start":{"line":38,"column":6},"end":{"line":41,"column":null}},"19":{"start":{"line":39,"column":8},"end":{"line":39,"column":21}},"20":{"start":{"line":40,"column":8},"end":{"line":40,"column":25}},"21":{"start":{"line":43,"column":4},"end":{"line":43,"column":28}},"22":{"start":{"line":50,"column":16},"end":{"line":50,"column":17}},"23":{"start":{"line":51,"column":16},"end":{"line":51,"column":17}},"24":{"start":{"line":52,"column":4},"end":{"line":57,"column":7}},"25":{"start":{"line":53,"column":6},"end":{"line":56,"column":null}},"26":{"start":{"line":54,"column":8},"end":{"line":54,"column":21}},"27":{"start":{"line":55,"column":8},"end":{"line":55,"column":25}},"28":{"start":{"line":58,"column":4},"end":{"line":58,"column":28}},"29":{"start":{"line":62,"column":4},"end":{"line":68,"column":11}},"30":{"start":{"line":63,"column":6},"end":{"line":65,"column":null}},"31":{"start":{"line":64,"column":8},"end":{"line":64,"column":24}},"32":{"start":{"line":66,"column":6},"end":{"line":66,"column":29}},"33":{"start":{"line":67,"column":6},"end":{"line":67,"column":17}},"34":{"start":{"line":7,"column":13},"end":{"line":70,"column":null}},"35":{"start":{"line":7,"column":13},"end":{"line":7,"column":29}}},"fnMap":{"0":{"name":"(anonymous_1)","decl":{"start":{"line":8,"column":2},"end":{"line":8,"column":7}},"loc":{"start":{"line":8,"column":33},"end":{"line":32,"column":3}}},"1":{"name":"(anonymous_2)","decl":{"start":{"line":12,"column":23},"end":{"line":12,"column":24}},"loc":{"start":{"line":12,"column":33},"end":{"line":16,"column":5}}},"2":{"name":"(anonymous_3)","decl":{"start":{"line":34,"column":2},"end":{"line":34,"column":7}},"loc":{"start":{"line":34,"column":38},"end":{"line":44,"column":3}}},"3":{"name":"(anonymous_4)","decl":{"start":{"line":37,"column":26},"end":{"line":37,"column":27}},"loc":{"start":{"line":37,"column":32},"end":{"line":42,"column":5}}},"4":{"name":"(anonymous_5)","decl":{"start":{"line":46,"column":2},"end":{"line":46,"column":7}},"loc":{"start":{"line":48,"column":26},"end":{"line":59,"column":3}}},"5":{"name":"(anonymous_6)","decl":{"start":{"line":52,"column":25},"end":{"line":52,"column":26}},"loc":{"start":{"line":52,"column":31},"end":{"line":57,"column":5}}},"6":{"name":"(anonymous_7)","decl":{"start":{"line":61,"column":2},"end":{"line":61,"column":7}},"loc":{"start":{"line":61,"column":24},"end":{"line":69,"column":3}}},"7":{"name":"(anonymous_8)","decl":{"start":{"line":62,"column":23},"end":{"line":62,"column":24}},"loc":{"start":{"line":62,"column":38},"end":{"line":68,"column":5}}}},"branchMap":{"0":{"loc":{"start":{"line":38,"column":6},"end":{"line":41,"column":null}},"type":"if","locations":[{"start":{"line":38,"column":6},"end":{"line":41,"column":null}}]},"1":{"loc":{"start":{"line":38,"column":10},"end":{"line":38,"column":36}},"type":"binary-expr","locations":[{"start":{"line":38,"column":10},"end":{"line":38,"column":16}},{"start":{"line":38,"column":20},"end":{"line":38,"column":36}}]},"2":{"loc":{"start":{"line":53,"column":6},"end":{"line":56,"column":null}},"type":"if","locations":[{"start":{"line":53,"column":6},"end":{"line":56,"column":null}}]},"3":{"loc":{"start":{"line":53,"column":10},"end":{"line":53,"column":57}},"type":"binary-expr","locations":[{"start":{"line":53,"column":10},"end":{"line":53,"column":37}},{"start":{"line":53,"column":41},"end":{"line":53,"column":57}}]},"4":{"loc":{"start":{"line":63,"column":6},"end":{"line":65,"column":null}},"type":"if","locations":[{"start":{"line":63,"column":6},"end":{"line":65,"column":null}}]}},"s":{"0":2,"1":2,"2":1,"3":1,"4":1,"5":1,"6":6,"7":6,"8":6,"9":1,"10":1,"11":1,"12":1,"13":1,"14":1,"15":3,"16":3,"17":3,"18":9,"19":4,"20":4,"21":3,"22":2,"23":2,"24":2,"25":8,"26":3,"27":3,"28":2,"29":3,"30":21,"31":8,"32":21,"33":21,"34":2,"35":2},"f":{"0":1,"1":6,"2":3,"3":9,"4":2,"5":8,"6":3,"7":21},"b":{"0":[4],"1":[9,6],"2":[3],"3":[8,6],"4":[8]}}
,"/home/tkuku/Documents/Projects/IAA/iia-server-nest/src/services/task/task.service.ts": {"path":"/home/tkuku/Documents/Projects/IAA/iia-server-nest/src/services/task/task.service.ts","statementMap":{"0":{"start":{"line":1,"column":0},"end":{"line":1,"column":52}},"1":{"start":{"line":2,"column":0},"end":{"line":2,"column":56}},"2":{"start":{"line":3,"column":0},"end":{"line":3,"column":57}},"3":{"start":{"line":5,"column":0},"end":{"line":5,"column":83}},"4":{"start":{"line":6,"column":0},"end":{"line":6,"column":54}},"5":{"start":{"line":9,"column":0},"end":{"line":9,"column":76}},"6":{"start":{"line":10,"column":0},"end":{"line":10,"column":73}},"7":{"start":{"line":13,"column":0},"end":{"line":13,"column":66}},"8":{"start":{"line":14,"column":0},"end":{"line":14,"column":66}},"9":{"start":{"line":18,"column":25},"end":{"line":104,"column":null}},"10":{"start":{"line":19,"column":19},"end":{"line":19,"column":58}},"11":{"start":{"line":38,"column":4},"end":{"line":38,"column":40}},"12":{"start":{"line":39,"column":4},"end":{"line":39,"column":56}},"13":{"start":{"line":40,"column":4},"end":{"line":40,"column":38}},"14":{"start":{"line":41,"column":4},"end":{"line":41,"column":46}},"15":{"start":{"line":42,"column":4},"end":{"line":42,"column":46}},"16":{"start":{"line":43,"column":4},"end":{"line":43,"column":44}},"17":{"start":{"line":44,"column":4},"end":{"line":44,"column":42}},"18":{"start":{"line":45,"column":4},"end":{"line":45,"column":34}},"19":{"start":{"line":50,"column":4},"end":{"line":96,"column":null}},"20":{"start":{"line":51,"column":37},"end":{"line":51,"column":75}},"21":{"start":{"line":52,"column":6},"end":{"line":93,"column":null}},"22":{"start":{"line":53,"column":36},"end":{"line":54,"column":null}},"23":{"start":{"line":57,"column":23},"end":{"line":57,"column":59}},"24":{"start":{"line":59,"column":10},"end":{"line":59,"column":56}},"25":{"start":{"line":61,"column":29},"end":{"line":65,"column":null}},"26":{"start":{"line":68,"column":33},"end":{"line":68,"column":71}},"27":{"start":{"line":69,"column":8},"end":{"line":80,"column":null}},"28":{"start":{"line":70,"column":39},"end":{"line":71,"column":null}},"29":{"start":{"line":73,"column":10},"end":{"line":75,"column":null}},"30":{"start":{"line":74,"column":12},"end":{"line":74,"column":23}},"31":{"start":{"line":76,"column":10},"end":{"line":79,"column":null}},"32":{"start":{"line":77,"column":51},"end":{"line":77,"column":71}},"33":{"start":{"line":78,"column":12},"end":{"line":78,"column":63}},"34":{"start":{"line":82,"column":31},"end":{"line":82,"column":68}},"35":{"start":{"line":83,"column":8},"end":{"line":85,"column":null}},"36":{"start":{"line":84,"column":10},"end":{"line":84,"column":78}},"37":{"start":{"line":87,"column":45},"end":{"line":90,"column":10}},"38":{"start":{"line":91,"column":8},"end":{"line":91,"column":57}},"39":{"start":{"line":92,"column":8},"end":{"line":92,"column":22}},"40":{"start":{"line":95,"column":6},"end":{"line":95,"column":31}},"41":{"start":{"line":101,"column":4},"end":{"line":101,"column":48}},"42":{"start":{"line":102,"column":4},"end":{"line":102,"column":33}},"43":{"start":{"line":49,"column":2},"end":{"line":97,"column":null}},"44":{"start":{"line":100,"column":2},"end":{"line":103,"column":null}},"45":{"start":{"line":18,"column":13},"end":{"line":104,"column":null}},"46":{"start":{"line":18,"column":13},"end":{"line":18,"column":25}}},"fnMap":{"0":{"name":"(anonymous_2)","decl":{"start":{"line":29,"column":2},"end":{"line":29,"column":null}},"loc":{"start":{"line":36,"column":34},"end":{"line":46,"column":3}}},"1":{"name":"(anonymous_3)","decl":{"start":{"line":49,"column":2},"end":{"line":49,"column":7}},"loc":{"start":{"line":49,"column":23},"end":{"line":97,"column":3}}},"2":{"name":"(anonymous_4)","decl":{"start":{"line":100,"column":2},"end":{"line":100,"column":7}},"loc":{"start":{"line":100,"column":25},"end":{"line":103,"column":3}}}},"branchMap":{"0":{"loc":{"start":{"line":52,"column":6},"end":{"line":93,"column":null}},"type":"if","locations":[{"start":{"line":52,"column":6},"end":{"line":93,"column":null}}]},"1":{"loc":{"start":{"line":69,"column":8},"end":{"line":80,"column":null}},"type":"if","locations":[{"start":{"line":69,"column":8},"end":{"line":80,"column":null}}]},"2":{"loc":{"start":{"line":73,"column":10},"end":{"line":75,"column":null}},"type":"if","locations":[{"start":{"line":73,"column":10},"end":{"line":75,"column":null}}]},"3":{"loc":{"start":{"line":73,"column":14},"end":{"line":73,"column":44}},"type":"binary-expr","locations":[{"start":{"line":73,"column":14},"end":{"line":73,"column":26}},{"start":{"line":73,"column":30},"end":{"line":73,"column":44}}]},"4":{"loc":{"start":{"line":76,"column":10},"end":{"line":79,"column":null}},"type":"if","locations":[{"start":{"line":76,"column":10},"end":{"line":79,"column":null}}]},"5":{"loc":{"start":{"line":76,"column":14},"end":{"line":76,"column":43}},"type":"binary-expr","locations":[{"start":{"line":76,"column":14},"end":{"line":76,"column":28}},{"start":{"line":76,"column":32},"end":{"line":76,"column":43}}]},"6":{"loc":{"start":{"line":83,"column":8},"end":{"line":85,"column":null}},"type":"if","locations":[{"start":{"line":83,"column":8},"end":{"line":85,"column":null}}]}},"s":{"0":1,"1":1,"2":1,"3":1,"4":1,"5":1,"6":1,"7":1,"8":1,"9":1,"10":3,"11":3,"12":3,"13":3,"14":3,"15":3,"16":3,"17":3,"18":3,"19":3,"20":3,"21":3,"22":3,"23":3,"24":3,"25":3,"26":3,"27":3,"28":3,"29":3,"30":1,"31":3,"32":0,"33":0,"34":3,"35":3,"36":3,"37":3,"38":3,"39":3,"40":0,"41":0,"42":0,"43":1,"44":1,"45":1,"46":1},"f":{"0":3,"1":3,"2":0},"b":{"0":[3],"1":[3],"2":[1],"3":[3,2],"4":[0],"5":[3,1],"6":[3]}}
,"/home/tkuku/Documents/Projects/IAA/iia-server-nest/src/services/task/tests/mock/regions.mock.ts": {"path":"/home/tkuku/Documents/Projects/IAA/iia-server-nest/src/services/task/tests/mock/regions.mock.ts","statementMap":{"0":{"start":{"line":4,"column":23},"end":{"line":4,"column":33}},"1":{"start":{"line":5,"column":2},"end":{"line":198,"column":4}},"2":{"start":{"line":3,"column":0},"end":{"line":3,"column":16}}},"fnMap":{"0":{"name":"regionsMock","decl":{"start":{"line":3,"column":16},"end":{"line":3,"column":27}},"loc":{"start":{"line":3,"column":27},"end":{"line":199,"column":1}}}},"branchMap":{},"s":{"0":3,"1":3,"2":1},"f":{"0":3},"b":{}}
}
