TN:
SF:src/services/alarm/alarm.service.ts
FN:5,(anonymous_1)
FNF:1
FNH:1
FNDA:2,(anonymous_1)
DA:1,2
DA:4,2
DA:6,2
DA:7,2
LF:4
LH:4
BRF:0
BRH:0
end_of_record
TN:
SF:src/services/messenger/messenger.service.ts
FN:6,(anonymous_1)
FN:15,(anonymous_2)
FN:22,(anonymous_3)
FN:48,(anonymous_4)
FN:70,(anonymous_5)
FNF:5
FNH:3
FNDA:0,(anonymous_1)
FNDA:0,(anonymous_2)
FNDA:6,(anonymous_3)
FNDA:5,(anonymous_4)
FNDA:1,(anonymous_5)
DA:1,2
DA:2,2
DA:5,2
DA:7,0
DA:8,0
DA:9,0
DA:10,0
DA:11,0
DA:12,0
DA:16,0
DA:26,6
DA:27,1
DA:30,5
DA:31,1
DA:34,4
DA:35,1
DA:38,3
DA:39,1
DA:42,2
DA:43,1
DA:45,1
DA:49,5
DA:50,5
DA:52,1
DA:53,1
DA:55,1
DA:56,1
DA:58,1
DA:59,1
DA:61,1
DA:62,1
DA:64,1
DA:65,1
DA:67,5
DA:71,1
LF:35
LH:28
BRDA:8,0,0,0
BRDA:8,1,0,0
BRDA:8,1,1,0
BRDA:11,2,0,0
BRDA:26,3,0,1
BRDA:26,4,0,6
BRDA:26,4,1,2
BRDA:26,4,2,1
BRDA:30,5,0,1
BRDA:30,6,0,5
BRDA:30,6,1,4
BRDA:30,6,2,1
BRDA:30,6,3,1
BRDA:34,7,0,1
BRDA:34,8,0,4
BRDA:34,8,1,3
BRDA:34,8,2,2
BRDA:38,9,0,1
BRDA:38,10,0,3
BRDA:38,10,1,2
BRDA:42,11,0,1
BRDA:42,12,0,2
BRDA:42,12,1,1
BRDA:50,13,0,1
BRDA:50,13,1,1
BRDA:50,13,2,1
BRDA:50,13,3,1
BRDA:50,13,4,1
BRDA:71,14,0,1
BRDA:71,14,1,0
BRDA:71,15,0,1
BRDA:71,15,1,0
BRF:32
BRH:26
end_of_record
TN:
SF:src/services/point-behaviour/point-behaviour.service.ts
FN:9,(anonymous_1)
FN:25,(anonymous_2)
FN:43,(anonymous_3)
FN:68,(anonymous_4)
FN:70,(anonymous_5)
FN:78,(anonymous_6)
FN:79,(anonymous_7)
FN:82,(anonymous_8)
FN:86,(anonymous_9)
FNF:9
FNH:9
FNDA:2,(anonymous_1)
FNDA:6,(anonymous_2)
FNDA:6,(anonymous_3)
FNDA:3,(anonymous_4)
FNDA:72,(anonymous_5)
FNDA:7,(anonymous_6)
FNDA:15,(anonymous_7)
FNDA:6,(anonymous_8)
FNDA:20,(anonymous_9)
DA:1,2
DA:6,2
DA:15,2
DA:16,2
DA:17,2
DA:22,2
DA:26,6
DA:27,6
DA:28,6
DA:30,2
DA:33,2
DA:35,2
DA:38,2
DA:40,6
DA:48,6
DA:49,6
DA:50,6
DA:52,6
DA:53,5
DA:54,1
DA:57,5
DA:61,2
DA:65,6
DA:69,3
DA:70,3
DA:71,72
DA:72,3
DA:75,3
DA:79,15
DA:86,6
DA:87,20
DA:89,6
LF:32
LH:32
BRDA:28,0,0,2
BRDA:28,0,1,2
BRDA:30,1,0,1
BRDA:30,1,1,1
BRDA:35,2,0,1
BRDA:35,2,1,1
BRDA:52,3,0,5
BRDA:52,4,0,6
BRDA:52,4,1,5
BRDA:53,5,0,1
BRDA:57,6,0,2
BRDA:58,7,0,5
BRDA:58,7,1,4
BRDA:71,8,0,3
BRF:14
BRH:14
end_of_record
TN:
SF:src/services/point-behaviour/tests/mock/regions.mock.ts
FN:3,regionsMock
FNF:1
FNH:1
FNDA:8,regionsMock
DA:3,1
DA:4,8
DA:5,8
LF:3
LH:3
BRF:0
BRH:0
end_of_record
TN:
SF:src/services/region/region.service.ts
FN:8,(anonymous_1)
FN:11,(anonymous_2)
FN:14,(anonymous_3)
FN:19,(anonymous_4)
FN:21,(anonymous_5)
FN:29,(anonymous_6)
FN:33,(anonymous_7)
FN:35,(anonymous_8)
FN:52,(anonymous_9)
FNF:9
FNH:8
FNDA:1,(anonymous_1)
FNDA:1,(anonymous_2)
FNDA:0,(anonymous_3)
FNDA:3,(anonymous_4)
FNDA:72,(anonymous_5)
FNDA:2,(anonymous_6)
FNDA:50,(anonymous_7)
FNDA:1200,(anonymous_8)
FNDA:3,(anonymous_9)
DA:1,2
DA:2,2
DA:7,2
DA:9,1
DA:12,1
DA:15,0
DA:20,3
DA:21,3
DA:22,72
DA:23,3
DA:26,3
DA:30,2
DA:31,2
DA:32,2
DA:33,2
DA:34,50
DA:35,1200
DA:37,50
DA:38,48
DA:49,2
DA:53,3
LF:21
LH:20
BRDA:22,0,0,3
BRDA:22,1,0,72
BRDA:22,1,1,8
BRDA:31,2,0,2
BRDA:37,3,0,48
BRF:5
BRH:5
end_of_record
TN:
SF:src/services/region/tests/mock/regions-bigger.mock.ts
FN:3,regionsBiggerMock
FNF:1
FNH:1
FNDA:3,regionsBiggerMock
DA:3,1
DA:4,3
DA:5,3
LF:3
LH:3
BRF:0
BRH:0
end_of_record
TN:
SF:src/services/region/tests/mock/regions-full.mock.ts
FN:1,regionsFullMock
FNF:1
FNH:1
FNDA:1,regionsFullMock
DA:1,1
DA:2,1
LF:2
LH:2
BRF:0
BRH:0
end_of_record
TN:
SF:src/services/region/tests/mock/regions.mock.ts
FN:1,regionsMock
FNF:1
FNH:1
FNDA:1,regionsMock
DA:1,1
DA:2,1
LF:2
LH:2
BRF:0
BRH:0
end_of_record
TN:
SF:src/services/statistic/statistic.service.ts
FN:8,(anonymous_1)
FN:12,(anonymous_2)
FN:34,(anonymous_3)
FN:37,(anonymous_4)
FN:46,(anonymous_5)
FN:52,(anonymous_6)
FN:61,(anonymous_7)
FN:62,(anonymous_8)
FNF:8
FNH:8
FNDA:1,(anonymous_1)
FNDA:6,(anonymous_2)
FNDA:3,(anonymous_3)
FNDA:9,(anonymous_4)
FNDA:2,(anonymous_5)
FNDA:8,(anonymous_6)
FNDA:3,(anonymous_7)
FNDA:21,(anonymous_8)
DA:1,2
DA:7,2
DA:9,1
DA:10,1
DA:11,1
DA:12,1
DA:13,6
DA:14,6
DA:15,6
DA:17,1
DA:18,1
DA:19,1
DA:24,1
DA:25,1
DA:27,1
DA:35,3
DA:36,3
DA:37,3
DA:38,9
DA:39,4
DA:40,4
DA:43,3
DA:50,2
DA:51,2
DA:52,2
DA:53,8
DA:54,3
DA:55,3
DA:58,2
DA:62,3
DA:63,21
DA:64,8
DA:66,21
DA:67,21
LF:34
LH:34
BRDA:38,0,0,4
BRDA:38,1,0,9
BRDA:38,1,1,6
BRDA:53,2,0,3
BRDA:53,3,0,8
BRDA:53,3,1,6
BRDA:63,4,0,8
BRF:7
BRH:7
end_of_record
TN:
SF:src/services/task/task.service.ts
FN:29,(anonymous_2)
FN:49,(anonymous_3)
FN:100,(anonymous_4)
FNF:3
FNH:2
FNDA:3,(anonymous_2)
FNDA:3,(anonymous_3)
FNDA:0,(anonymous_4)
DA:1,1
DA:2,1
DA:3,1
DA:5,1
DA:6,1
DA:9,1
DA:10,1
DA:13,1
DA:14,1
DA:18,1
DA:19,3
DA:38,3
DA:39,3
DA:40,3
DA:41,3
DA:42,3
DA:43,3
DA:44,3
DA:45,3
DA:49,1
DA:50,3
DA:51,3
DA:52,3
DA:53,3
DA:57,3
DA:59,3
DA:61,3
DA:68,3
DA:69,3
DA:70,3
DA:73,3
DA:74,1
DA:76,3
DA:77,0
DA:78,0
DA:82,3
DA:83,3
DA:84,3
DA:87,3
DA:91,3
DA:92,3
DA:95,0
DA:100,1
DA:101,0
DA:102,0
LF:45
LH:40
BRDA:52,0,0,3
BRDA:69,1,0,3
BRDA:73,2,0,1
BRDA:73,3,0,3
BRDA:73,3,1,2
BRDA:76,4,0,0
BRDA:76,5,0,3
BRDA:76,5,1,1
BRDA:83,6,0,3
BRF:9
BRH:8
end_of_record
TN:
SF:src/services/task/tests/mock/regions.mock.ts
FN:3,regionsMock
FNF:1
FNH:1
FNDA:3,regionsMock
DA:3,1
DA:4,3
DA:5,3
LF:3
LH:3
BRF:0
BRH:0
end_of_record
