TN:
SF:src\services\alarm\alarm.service.ts
FN:6,(anonymous_1)
FNF:1
FNH:1
FNDA:2,(anonymous_1)
DA:1,2
DA:2,2
DA:5,2
DA:7,2
LF:4
LH:4
BRF:0
BRH:0
end_of_record
TN:
SF:src\services\alarm\constants\time.ts
FNF:0
FNH:0
DA:1,2
LF:1
LH:1
BRF:0
BRH:0
end_of_record
TN:
SF:src\services\messenger\messenger.service.ts
FN:16,(anonymous_1)
FN:34,(anonymous_2)
FN:41,(anonymous_3)
FN:48,(anonymous_4)
FN:100,(anonymous_5)
FN:117,(anonymous_6)
FNF:6
FNH:4
FNDA:0,(anonymous_1)
FNDA:0,(anonymous_2)
FNDA:3,(anonymous_3)
FNDA:8,(anonymous_4)
FNDA:6,(anonymous_5)
FNDA:1,(anonymous_6)
DA:1,2
DA:2,2
DA:4,2
DA:5,2
DA:6,2
DA:7,2
DA:8,2
DA:15,2
DA:21,0
DA:22,0
DA:27,0
DA:28,0
DA:29,0
DA:30,0
DA:31,0
DA:35,0
DA:42,3
DA:53,8
DA:58,1
DA:61,7
DA:67,1
DA:70,6
DA:75,1
DA:78,5
DA:79,1
DA:82,4
DA:87,2
DA:90,2
DA:95,1
DA:97,1
DA:104,6
DA:106,6
DA:111,3
DA:114,3
DA:118,1
LF:35
LH:27
BRDA:27,0,0,0
BRDA:27,1,0,0
BRDA:27,1,1,0
BRDA:30,2,0,0
BRDA:43,3,0,3
BRDA:43,3,1,2
BRDA:53,4,0,1
BRDA:54,5,0,8
BRDA:54,5,1,2
BRDA:54,5,2,1
BRDA:61,6,0,1
BRDA:62,7,0,7
BRDA:62,7,1,6
BRDA:62,7,2,1
BRDA:62,7,3,1
BRDA:70,8,0,1
BRDA:71,9,0,6
BRDA:71,9,1,5
BRDA:71,9,2,2
BRDA:78,10,0,1
BRDA:78,11,0,5
BRDA:78,11,1,2
BRDA:82,12,0,2
BRDA:83,13,0,4
BRDA:83,13,1,3
BRDA:83,13,2,3
BRDA:90,14,0,1
BRDA:91,15,0,2
BRDA:91,15,1,1
BRDA:91,15,2,1
BRDA:106,16,0,3
BRDA:107,17,0,6
BRDA:107,17,1,5
BRDA:107,17,2,4
BRDA:118,18,0,1
BRDA:118,18,1,0
BRDA:118,19,0,1
BRDA:118,19,1,0
BRF:38
BRH:32
end_of_record
TN:
SF:src\services\messenger\constants\errors.ts
FNF:0
FNH:0
DA:1,2
LF:1
LH:1
BRF:0
BRH:0
end_of_record
TN:
SF:src\services\messenger\constants\messages.ts
FNF:0
FNH:0
DA:1,2
DA:3,2
DA:5,2
LF:3
LH:3
BRF:0
BRH:0
end_of_record
TN:
SF:src\services\messenger\constants\thresholds.ts
FNF:0
FNH:0
DA:6,2
DA:9,2
DA:12,2
LF:3
LH:3
BRF:0
BRH:0
end_of_record
TN:
SF:src\services\messenger\enums\notification-level.enum.ts
FN:1,(anonymous_0)
FNF:1
FNH:1
FNDA:2,(anonymous_0)
DA:1,2
DA:2,2
DA:3,2
DA:4,2
DA:5,2
DA:6,2
DA:7,2
DA:8,2
LF:8
LH:8
BRDA:1,0,0,2
BRDA:1,0,1,2
BRF:2
BRH:2
end_of_record
TN:
SF:src\services\messenger\tests\mock\unit.mock.ts
FN:3,unitMock
FNF:1
FNH:1
FNDA:1,unitMock
DA:3,1
DA:4,1
DA:5,1
LF:3
LH:3
BRF:0
BRH:0
end_of_record
TN:
SF:src\services\point-behaviour\point-behaviour.service.ts
FN:23,(anonymous_1)
FN:39,(anonymous_2)
FN:63,(anonymous_3)
FN:91,(anonymous_4)
FN:93,(anonymous_5)
FN:101,(anonymous_6)
FN:102,(anonymous_7)
FN:105,(anonymous_8)
FN:109,(anonymous_9)
FNF:9
FNH:9
FNDA:2,(anonymous_1)
FNDA:6,(anonymous_2)
FNDA:6,(anonymous_3)
FNDA:3,(anonymous_4)
FNDA:72,(anonymous_5)
FNDA:7,(anonymous_6)
FNDA:15,(anonymous_7)
FNDA:6,(anonymous_8)
FNDA:20,(anonymous_9)
DA:1,2
DA:4,2
DA:14,2
DA:20,2
DA:29,2
DA:30,2
DA:31,2
DA:36,2
DA:40,6
DA:41,6
DA:42,6
DA:44,2
DA:50,2
DA:52,2
DA:58,2
DA:60,6
DA:68,6
DA:69,6
DA:70,6
DA:72,6
DA:76,5
DA:77,1
DA:80,5
DA:84,2
DA:88,6
DA:92,3
DA:93,3
DA:94,72
DA:95,3
DA:98,3
DA:102,15
DA:109,6
DA:110,20
DA:112,6
LF:34
LH:34
BRDA:42,0,0,2
BRDA:42,0,1,2
BRDA:44,1,0,1
BRDA:44,1,1,1
BRDA:52,2,0,1
BRDA:52,2,1,1
BRDA:72,3,0,5
BRDA:73,4,0,6
BRDA:73,4,1,5
BRDA:76,5,0,1
BRDA:80,6,0,2
BRDA:81,7,0,5
BRDA:81,7,1,4
BRDA:94,8,0,3
BRF:14
BRH:14
end_of_record
TN:
SF:src\services\point-behaviour\constants\point-thresholds.ts
FNF:0
FNH:0
DA:6,2
DA:9,2
DA:12,2
DA:15,2
DA:18,2
DA:21,2
DA:24,2
DA:27,2
LF:8
LH:8
BRF:0
BRH:0
end_of_record
TN:
SF:src\services\point-behaviour\constants\region-groups.ts
FNF:0
FNH:0
DA:6,2
DA:9,2
LF:2
LH:2
BRF:0
BRH:0
end_of_record
TN:
SF:src\services\point-behaviour\tests\mock\regions.mock.ts
FN:3,regionsMock
FNF:1
FNH:1
FNDA:8,regionsMock
DA:3,1
DA:4,8
DA:5,8
LF:3
LH:3
BRF:0
BRH:0
end_of_record
TN:
SF:src\services\region\region.service.ts
FN:10,(anonymous_1)
FN:13,(anonymous_2)
FN:16,(anonymous_3)
FN:21,(anonymous_4)
FN:23,(anonymous_5)
FN:31,(anonymous_6)
FN:35,(anonymous_7)
FN:37,(anonymous_8)
FN:54,(anonymous_9)
FNF:9
FNH:8
FNDA:1,(anonymous_1)
FNDA:1,(anonymous_2)
FNDA:0,(anonymous_3)
FNDA:3,(anonymous_4)
FNDA:72,(anonymous_5)
FNDA:2,(anonymous_6)
FNDA:50,(anonymous_7)
FNDA:1200,(anonymous_8)
FNDA:3,(anonymous_9)
DA:1,2
DA:2,2
DA:5,2
DA:6,2
DA:9,2
DA:11,1
DA:14,1
DA:17,0
DA:22,3
DA:23,3
DA:24,72
DA:25,3
DA:28,3
DA:32,2
DA:33,2
DA:34,2
DA:35,2
DA:36,50
DA:37,1200
DA:39,50
DA:40,48
DA:51,2
DA:55,3
LF:23
LH:22
BRDA:24,0,0,3
BRDA:24,1,0,72
BRDA:24,1,1,8
BRDA:33,2,0,2
BRDA:39,3,0,48
BRF:5
BRH:5
end_of_record
TN:
SF:src\services\region\constants\regions-library.ts
FNF:0
FNH:0
DA:7,2
LF:1
LH:1
BRF:0
BRH:0
end_of_record
TN:
SF:src\services\region\tests\mock\regions-bigger.mock.ts
FN:3,regionsBiggerMock
FNF:1
FNH:1
FNDA:3,regionsBiggerMock
DA:3,1
DA:4,3
DA:5,3
LF:3
LH:3
BRF:0
BRH:0
end_of_record
TN:
SF:src\services\region\tests\mock\regions-full.mock.ts
FN:1,regionsFullMock
FNF:1
FNH:1
FNDA:1,regionsFullMock
DA:1,1
DA:2,1
LF:2
LH:2
BRF:0
BRH:0
end_of_record
TN:
SF:src\services\region\tests\mock\regions.mock.ts
FN:1,regionsMock
FNF:1
FNH:1
FNDA:1,regionsMock
DA:1,1
DA:2,1
LF:2
LH:2
BRF:0
BRH:0
end_of_record
TN:
SF:src\services\statistic\statistic.service.ts
FN:8,(anonymous_1)
FN:12,(anonymous_2)
FN:34,(anonymous_3)
FN:37,(anonymous_4)
FN:46,(anonymous_5)
FN:52,(anonymous_6)
FN:61,(anonymous_7)
FN:62,(anonymous_8)
FNF:8
FNH:8
FNDA:1,(anonymous_1)
FNDA:6,(anonymous_2)
FNDA:3,(anonymous_3)
FNDA:9,(anonymous_4)
FNDA:2,(anonymous_5)
FNDA:8,(anonymous_6)
FNDA:3,(anonymous_7)
FNDA:21,(anonymous_8)
DA:1,2
DA:7,2
DA:9,1
DA:10,1
DA:11,1
DA:12,1
DA:13,6
DA:14,6
DA:15,6
DA:17,1
DA:18,1
DA:19,1
DA:24,1
DA:25,1
DA:27,1
DA:35,3
DA:36,3
DA:37,3
DA:38,9
DA:39,4
DA:40,4
DA:43,3
DA:50,2
DA:51,2
DA:52,2
DA:53,8
DA:54,3
DA:55,3
DA:58,2
DA:62,3
DA:63,21
DA:64,8
DA:66,21
DA:67,21
LF:34
LH:34
BRDA:38,0,0,4
BRDA:38,1,0,9
BRDA:38,1,1,6
BRDA:53,2,0,3
BRDA:53,3,0,8
BRDA:53,3,1,6
BRDA:63,4,0,8
BRF:7
BRH:7
end_of_record
TN:
SF:src\services\task\task.service.ts
FN:30,(anonymous_2)
FN:50,(anonymous_3)
FN:122,(anonymous_4)
FNF:3
FNH:2
FNDA:3,(anonymous_2)
FNDA:3,(anonymous_3)
FNDA:0,(anonymous_4)
DA:1,1
DA:2,1
DA:3,1
DA:5,1
DA:6,1
DA:9,1
DA:10,1
DA:13,1
DA:14,1
DA:16,1
DA:19,1
DA:20,3
DA:39,3
DA:40,3
DA:41,3
DA:42,3
DA:43,3
DA:44,3
DA:45,3
DA:46,3
DA:50,1
DA:51,3
DA:53,3
DA:54,3
DA:56,3
DA:61,3
DA:65,3
DA:68,3
DA:76,3
DA:78,3
DA:80,3
DA:84,3
DA:85,1
DA:88,3
DA:89,0
DA:90,0
DA:95,3
DA:97,3
DA:100,3
DA:101,3
DA:109,3
DA:113,3
DA:114,3
DA:117,0
DA:122,1
DA:123,0
DA:124,0
LF:47
LH:42
BRDA:54,0,0,3
BRDA:78,1,0,3
BRDA:84,2,0,1
BRDA:84,3,0,3
BRDA:84,3,1,2
BRDA:88,4,0,0
BRDA:88,5,0,3
BRDA:88,5,1,1
BRDA:100,6,0,3
BRF:9
BRH:8
end_of_record
TN:
SF:src\services\task\constants\alarm-states.ts
FNF:0
FNH:0
DA:6,1
DA:9,1
LF:2
LH:2
BRF:0
BRH:0
end_of_record
TN:
SF:src\services\task\tests\mock\regions.mock.ts
FN:3,regionsMock
FNF:1
FNH:1
FNDA:3,regionsMock
DA:3,1
DA:4,3
DA:5,3
LF:3
LH:3
BRF:0
BRH:0
end_of_record
